{"/Users/green22jet/Documents/NCSU/2017-2018_Semester_2/CSC_492/seniorDesign/2018SpringTeam14/index_test.js":{"path":"/Users/green22jet/Documents/NCSU/2017-2018_Semester_2/CSC_492/seniorDesign/2018SpringTeam14/index_test.js","statementMap":{"0":{"start":{"line":1,"column":14},"end":{"line":1,"column":32}},"1":{"start":{"line":2,"column":10},"end":{"line":2,"column":19}},"2":{"start":{"line":4,"column":0},"end":{"line":4,"column":44}},"3":{"start":{"line":6,"column":12},"end":{"line":6,"column":30}},"4":{"start":{"line":8,"column":0},"end":{"line":12,"column":2}},"5":{"start":{"line":9,"column":1},"end":{"line":11,"column":3}},"6":{"start":{"line":10,"column":2},"end":{"line":10,"column":21}},"7":{"start":{"line":14,"column":0},"end":{"line":18,"column":2}},"8":{"start":{"line":15,"column":1},"end":{"line":17,"column":3}},"9":{"start":{"line":16,"column":2},"end":{"line":16,"column":21}},"10":{"start":{"line":20,"column":0},"end":{"line":24,"column":2}},"11":{"start":{"line":21,"column":1},"end":{"line":23,"column":3}},"12":{"start":{"line":22,"column":2},"end":{"line":22,"column":21}},"13":{"start":{"line":26,"column":0},"end":{"line":30,"column":2}},"14":{"start":{"line":27,"column":1},"end":{"line":29,"column":3}},"15":{"start":{"line":28,"column":2},"end":{"line":28,"column":21}},"16":{"start":{"line":32,"column":11},"end":{"line":32,"column":44}},"17":{"start":{"line":33,"column":0},"end":{"line":35,"column":2}},"18":{"start":{"line":34,"column":1},"end":{"line":34,"column":39}},"19":{"start":{"line":37,"column":10},"end":{"line":37,"column":44}},"20":{"start":{"line":38,"column":18},"end":{"line":38,"column":48}},"21":{"start":{"line":40,"column":18},"end":{"line":48,"column":1}},"22":{"start":{"line":41,"column":1},"end":{"line":47,"column":4}},"23":{"start":{"line":42,"column":3},"end":{"line":46,"column":21}},"24":{"start":{"line":43,"column":4},"end":{"line":43,"column":21}},"25":{"start":{"line":44,"column":4},"end":{"line":44,"column":20}},"26":{"start":{"line":46,"column":8},"end":{"line":46,"column":21}},"27":{"start":{"line":50,"column":20},"end":{"line":63,"column":1}},"28":{"start":{"line":51,"column":1},"end":{"line":62,"column":3}},"29":{"start":{"line":52,"column":19},"end":{"line":52,"column":62}},"30":{"start":{"line":53,"column":2},"end":{"line":61,"column":4}},"31":{"start":{"line":54,"column":3},"end":{"line":54,"column":14}},"32":{"start":{"line":55,"column":3},"end":{"line":60,"column":4}},"33":{"start":{"line":56,"column":4},"end":{"line":56,"column":21}},"34":{"start":{"line":57,"column":4},"end":{"line":57,"column":20}},"35":{"start":{"line":59,"column":4},"end":{"line":59,"column":21}}},"fnMap":{"0":{"name":"(anonymous_0)","decl":{"start":{"line":8,"column":24},"end":{"line":8,"column":25}},"loc":{"start":{"line":8,"column":44},"end":{"line":12,"column":1}},"line":8},"1":{"name":"(anonymous_1)","decl":{"start":{"line":9,"column":28},"end":{"line":9,"column":29}},"loc":{"start":{"line":9,"column":46},"end":{"line":11,"column":2}},"line":9},"2":{"name":"(anonymous_2)","decl":{"start":{"line":14,"column":20},"end":{"line":14,"column":21}},"loc":{"start":{"line":14,"column":40},"end":{"line":18,"column":1}},"line":14},"3":{"name":"(anonymous_3)","decl":{"start":{"line":15,"column":27},"end":{"line":15,"column":28}},"loc":{"start":{"line":15,"column":45},"end":{"line":17,"column":2}},"line":15},"4":{"name":"(anonymous_4)","decl":{"start":{"line":20,"column":21},"end":{"line":20,"column":22}},"loc":{"start":{"line":20,"column":41},"end":{"line":24,"column":1}},"line":20},"5":{"name":"(anonymous_5)","decl":{"start":{"line":21,"column":28},"end":{"line":21,"column":29}},"loc":{"start":{"line":21,"column":46},"end":{"line":23,"column":2}},"line":21},"6":{"name":"(anonymous_6)","decl":{"start":{"line":26,"column":21},"end":{"line":26,"column":22}},"loc":{"start":{"line":26,"column":41},"end":{"line":30,"column":1}},"line":26},"7":{"name":"(anonymous_7)","decl":{"start":{"line":27,"column":28},"end":{"line":27,"column":29}},"loc":{"start":{"line":27,"column":46},"end":{"line":29,"column":2}},"line":27},"8":{"name":"(anonymous_8)","decl":{"start":{"line":33,"column":18},"end":{"line":33,"column":19}},"loc":{"start":{"line":33,"column":28},"end":{"line":35,"column":1}},"line":33},"9":{"name":"(anonymous_9)","decl":{"start":{"line":40,"column":18},"end":{"line":40,"column":19}},"loc":{"start":{"line":40,"column":37},"end":{"line":48,"column":1}},"line":40},"10":{"name":"(anonymous_10)","decl":{"start":{"line":41,"column":26},"end":{"line":41,"column":27}},"loc":{"start":{"line":41,"column":44},"end":{"line":47,"column":2}},"line":41},"11":{"name":"(anonymous_11)","decl":{"start":{"line":50,"column":20},"end":{"line":50,"column":21}},"loc":{"start":{"line":50,"column":69},"end":{"line":63,"column":1}},"line":50},"12":{"name":"(anonymous_12)","decl":{"start":{"line":51,"column":13},"end":{"line":51,"column":14}},"loc":{"start":{"line":51,"column":25},"end":{"line":62,"column":2}},"line":51},"13":{"name":"(anonymous_13)","decl":{"start":{"line":53,"column":39},"end":{"line":53,"column":40}},"loc":{"start":{"line":53,"column":61},"end":{"line":61,"column":3}},"line":53}},"branchMap":{"0":{"loc":{"start":{"line":42,"column":3},"end":{"line":46,"column":21}},"type":"if","locations":[{"start":{"line":42,"column":3},"end":{"line":46,"column":21}},{"start":{"line":42,"column":3},"end":{"line":46,"column":21}}],"line":42},"1":{"loc":{"start":{"line":55,"column":3},"end":{"line":60,"column":4}},"type":"if","locations":[{"start":{"line":55,"column":3},"end":{"line":60,"column":4}},{"start":{"line":55,"column":3},"end":{"line":60,"column":4}}],"line":55}},"s":{"0":0,"1":0,"2":0,"3":0,"4":0,"5":0,"6":0,"7":0,"8":0,"9":0,"10":0,"11":0,"12":0,"13":0,"14":0,"15":0,"16":0,"17":0,"18":0,"19":0,"20":0,"21":0,"22":0,"23":0,"24":0,"25":0,"26":0,"27":0,"28":0,"29":0,"30":0,"31":0,"32":0,"33":0,"34":0,"35":0},"f":{"0":0,"1":0,"2":0,"3":0,"4":0,"5":0,"6":0,"7":0,"8":0,"9":0,"10":0,"11":0,"12":0,"13":0},"b":{"0":[0,0],"1":[0,0]}},"/Users/green22jet/Documents/NCSU/2017-2018_Semester_2/CSC_492/seniorDesign/2018SpringTeam14/index_v2.js":{"path":"/Users/green22jet/Documents/NCSU/2017-2018_Semester_2/CSC_492/seniorDesign/2018SpringTeam14/index_v2.js","statementMap":{"0":{"start":{"line":2,"column":21},"end":{"line":2,"column":22}},"1":{"start":{"line":4,"column":20},"end":{"line":4,"column":24}},"2":{"start":{"line":5,"column":34},"end":{"line":5,"column":35}},"3":{"start":{"line":6,"column":27},"end":{"line":6,"column":28}},"4":{"start":{"line":7,"column":16},"end":{"line":7,"column":18}},"5":{"start":{"line":9,"column":14},"end":{"line":9,"column":32}},"6":{"start":{"line":10,"column":13},"end":{"line":10,"column":30}},"7":{"start":{"line":11,"column":17},"end":{"line":11,"column":39}},"8":{"start":{"line":12,"column":13},"end":{"line":12,"column":30}},"9":{"start":{"line":13,"column":10},"end":{"line":13,"column":19}},"10":{"start":{"line":15,"column":12},"end":{"line":15,"column":30}},"11":{"start":{"line":17,"column":20},"end":{"line":17,"column":46}},"12":{"start":{"line":18,"column":0},"end":{"line":18,"column":25}},"13":{"start":{"line":21,"column":0},"end":{"line":21,"column":27}},"14":{"start":{"line":24,"column":0},"end":{"line":24,"column":52}},"15":{"start":{"line":26,"column":0},"end":{"line":26,"column":34}},"16":{"start":{"line":28,"column":0},"end":{"line":30,"column":2}},"17":{"start":{"line":29,"column":1},"end":{"line":29,"column":34}},"18":{"start":{"line":32,"column":0},"end":{"line":50,"column":2}},"19":{"start":{"line":33,"column":1},"end":{"line":49,"column":2}},"20":{"start":{"line":34,"column":2},"end":{"line":46,"column":4}},"21":{"start":{"line":35,"column":3},"end":{"line":45,"column":4}},"22":{"start":{"line":36,"column":4},"end":{"line":42,"column":6}},"23":{"start":{"line":37,"column":5},"end":{"line":41,"column":6}},"24":{"start":{"line":38,"column":6},"end":{"line":38,"column":31}},"25":{"start":{"line":40,"column":6},"end":{"line":40,"column":49}},"26":{"start":{"line":44,"column":4},"end":{"line":44,"column":44}},"27":{"start":{"line":48,"column":2},"end":{"line":48,"column":42}},"28":{"start":{"line":52,"column":0},"end":{"line":77,"column":2}},"29":{"start":{"line":53,"column":12},"end":{"line":53,"column":20}},"30":{"start":{"line":54,"column":1},"end":{"line":76,"column":2}},"31":{"start":{"line":55,"column":2},"end":{"line":73,"column":4}},"32":{"start":{"line":56,"column":3},"end":{"line":72,"column":4}},"33":{"start":{"line":57,"column":26},"end":{"line":57,"column":61}},"34":{"start":{"line":58,"column":4},"end":{"line":69,"column":5}},"35":{"start":{"line":59,"column":21},"end":{"line":59,"column":37}},"36":{"start":{"line":60,"column":5},"end":{"line":66,"column":7}},"37":{"start":{"line":61,"column":6},"end":{"line":65,"column":7}},"38":{"start":{"line":62,"column":7},"end":{"line":62,"column":34}},"39":{"start":{"line":64,"column":7},"end":{"line":64,"column":49}},"40":{"start":{"line":68,"column":5},"end":{"line":68,"column":45}},"41":{"start":{"line":71,"column":4},"end":{"line":71,"column":40}},"42":{"start":{"line":75,"column":2},"end":{"line":75,"column":53}},"43":{"start":{"line":79,"column":0},"end":{"line":108,"column":2}},"44":{"start":{"line":80,"column":12},"end":{"line":80,"column":20}},"45":{"start":{"line":81,"column":1},"end":{"line":107,"column":2}},"46":{"start":{"line":82,"column":2},"end":{"line":104,"column":4}},"47":{"start":{"line":83,"column":3},"end":{"line":103,"column":4}},"48":{"start":{"line":84,"column":18},"end":{"line":84,"column":20}},"49":{"start":{"line":85,"column":4},"end":{"line":85,"column":37}},"50":{"start":{"line":86,"column":4},"end":{"line":86,"column":36}},"51":{"start":{"line":87,"column":4},"end":{"line":87,"column":55}},"52":{"start":{"line":88,"column":4},"end":{"line":88,"column":31}},"53":{"start":{"line":89,"column":4},"end":{"line":89,"column":54}},"54":{"start":{"line":90,"column":4},"end":{"line":90,"column":39}},"55":{"start":{"line":91,"column":4},"end":{"line":91,"column":37}},"56":{"start":{"line":92,"column":4},"end":{"line":92,"column":47}},"57":{"start":{"line":93,"column":4},"end":{"line":93,"column":25}},"58":{"start":{"line":94,"column":4},"end":{"line":100,"column":6}},"59":{"start":{"line":95,"column":5},"end":{"line":99,"column":6}},"60":{"start":{"line":96,"column":6},"end":{"line":96,"column":38}},"61":{"start":{"line":98,"column":6},"end":{"line":98,"column":48}},"62":{"start":{"line":102,"column":4},"end":{"line":102,"column":60}},"63":{"start":{"line":106,"column":2},"end":{"line":106,"column":53}},"64":{"start":{"line":110,"column":0},"end":{"line":125,"column":2}},"65":{"start":{"line":111,"column":12},"end":{"line":111,"column":20}},"66":{"start":{"line":112,"column":1},"end":{"line":124,"column":2}},"67":{"start":{"line":113,"column":2},"end":{"line":113,"column":38}},"68":{"start":{"line":113,"column":18},"end":{"line":113,"column":38}},"69":{"start":{"line":114,"column":2},"end":{"line":121,"column":4}},"70":{"start":{"line":115,"column":3},"end":{"line":120,"column":4}},"71":{"start":{"line":116,"column":4},"end":{"line":116,"column":26}},"72":{"start":{"line":117,"column":4},"end":{"line":117,"column":22}},"73":{"start":{"line":119,"column":4},"end":{"line":119,"column":44}},"74":{"start":{"line":123,"column":2},"end":{"line":123,"column":53}},"75":{"start":{"line":127,"column":0},"end":{"line":140,"column":2}},"76":{"start":{"line":128,"column":12},"end":{"line":128,"column":20}},"77":{"start":{"line":129,"column":1},"end":{"line":139,"column":2}},"78":{"start":{"line":130,"column":2},"end":{"line":136,"column":4}},"79":{"start":{"line":131,"column":3},"end":{"line":135,"column":4}},"80":{"start":{"line":132,"column":4},"end":{"line":132,"column":25}},"81":{"start":{"line":134,"column":4},"end":{"line":134,"column":44}},"82":{"start":{"line":138,"column":2},"end":{"line":138,"column":53}},"83":{"start":{"line":142,"column":0},"end":{"line":155,"column":2}},"84":{"start":{"line":143,"column":12},"end":{"line":143,"column":20}},"85":{"start":{"line":144,"column":1},"end":{"line":154,"column":2}},"86":{"start":{"line":145,"column":2},"end":{"line":151,"column":4}},"87":{"start":{"line":146,"column":3},"end":{"line":150,"column":4}},"88":{"start":{"line":147,"column":4},"end":{"line":147,"column":25}},"89":{"start":{"line":149,"column":4},"end":{"line":149,"column":44}},"90":{"start":{"line":153,"column":2},"end":{"line":153,"column":53}},"91":{"start":{"line":157,"column":0},"end":{"line":170,"column":2}},"92":{"start":{"line":158,"column":12},"end":{"line":158,"column":20}},"93":{"start":{"line":159,"column":1},"end":{"line":169,"column":2}},"94":{"start":{"line":160,"column":2},"end":{"line":166,"column":4}},"95":{"start":{"line":161,"column":3},"end":{"line":165,"column":4}},"96":{"start":{"line":162,"column":4},"end":{"line":162,"column":22}},"97":{"start":{"line":164,"column":4},"end":{"line":164,"column":44}},"98":{"start":{"line":168,"column":2},"end":{"line":168,"column":53}},"99":{"start":{"line":172,"column":0},"end":{"line":185,"column":2}},"100":{"start":{"line":173,"column":12},"end":{"line":173,"column":20}},"101":{"start":{"line":174,"column":1},"end":{"line":184,"column":2}},"102":{"start":{"line":175,"column":2},"end":{"line":181,"column":4}},"103":{"start":{"line":176,"column":3},"end":{"line":180,"column":4}},"104":{"start":{"line":177,"column":4},"end":{"line":177,"column":23}},"105":{"start":{"line":179,"column":4},"end":{"line":179,"column":44}},"106":{"start":{"line":183,"column":2},"end":{"line":183,"column":53}},"107":{"start":{"line":187,"column":0},"end":{"line":200,"column":2}},"108":{"start":{"line":188,"column":12},"end":{"line":188,"column":20}},"109":{"start":{"line":189,"column":1},"end":{"line":199,"column":2}},"110":{"start":{"line":190,"column":2},"end":{"line":196,"column":4}},"111":{"start":{"line":191,"column":3},"end":{"line":195,"column":4}},"112":{"start":{"line":192,"column":4},"end":{"line":192,"column":23}},"113":{"start":{"line":194,"column":4},"end":{"line":194,"column":44}},"114":{"start":{"line":198,"column":2},"end":{"line":198,"column":53}},"115":{"start":{"line":202,"column":0},"end":{"line":215,"column":2}},"116":{"start":{"line":203,"column":12},"end":{"line":203,"column":20}},"117":{"start":{"line":204,"column":1},"end":{"line":214,"column":2}},"118":{"start":{"line":205,"column":2},"end":{"line":211,"column":4}},"119":{"start":{"line":206,"column":3},"end":{"line":210,"column":4}},"120":{"start":{"line":207,"column":4},"end":{"line":207,"column":26}},"121":{"start":{"line":209,"column":4},"end":{"line":209,"column":44}},"122":{"start":{"line":213,"column":2},"end":{"line":213,"column":53}},"123":{"start":{"line":217,"column":0},"end":{"line":230,"column":2}},"124":{"start":{"line":218,"column":12},"end":{"line":218,"column":20}},"125":{"start":{"line":219,"column":1},"end":{"line":229,"column":2}},"126":{"start":{"line":220,"column":2},"end":{"line":226,"column":4}},"127":{"start":{"line":221,"column":3},"end":{"line":225,"column":4}},"128":{"start":{"line":222,"column":4},"end":{"line":222,"column":25}},"129":{"start":{"line":224,"column":4},"end":{"line":224,"column":44}},"130":{"start":{"line":228,"column":2},"end":{"line":228,"column":53}},"131":{"start":{"line":232,"column":0},"end":{"line":245,"column":2}},"132":{"start":{"line":233,"column":12},"end":{"line":233,"column":20}},"133":{"start":{"line":234,"column":1},"end":{"line":244,"column":2}},"134":{"start":{"line":235,"column":2},"end":{"line":241,"column":4}},"135":{"start":{"line":236,"column":3},"end":{"line":240,"column":4}},"136":{"start":{"line":237,"column":4},"end":{"line":237,"column":25}},"137":{"start":{"line":239,"column":4},"end":{"line":239,"column":44}},"138":{"start":{"line":243,"column":2},"end":{"line":243,"column":53}},"139":{"start":{"line":247,"column":0},"end":{"line":260,"column":2}},"140":{"start":{"line":248,"column":12},"end":{"line":248,"column":20}},"141":{"start":{"line":249,"column":1},"end":{"line":259,"column":2}},"142":{"start":{"line":250,"column":2},"end":{"line":256,"column":4}},"143":{"start":{"line":251,"column":3},"end":{"line":255,"column":4}},"144":{"start":{"line":252,"column":4},"end":{"line":252,"column":28}},"145":{"start":{"line":254,"column":4},"end":{"line":254,"column":44}},"146":{"start":{"line":258,"column":2},"end":{"line":258,"column":53}},"147":{"start":{"line":262,"column":11},"end":{"line":262,"column":44}},"148":{"start":{"line":264,"column":9},"end":{"line":264,"column":35}},"149":{"start":{"line":268,"column":0},"end":{"line":313,"column":3}},"150":{"start":{"line":270,"column":2},"end":{"line":279,"column":4}},"151":{"start":{"line":271,"column":3},"end":{"line":278,"column":5}},"152":{"start":{"line":272,"column":4},"end":{"line":277,"column":5}},"153":{"start":{"line":273,"column":5},"end":{"line":273,"column":33}},"154":{"start":{"line":274,"column":5},"end":{"line":276,"column":7}},"155":{"start":{"line":275,"column":6},"end":{"line":275,"column":40}},"156":{"start":{"line":281,"column":2},"end":{"line":290,"column":4}},"157":{"start":{"line":282,"column":3},"end":{"line":289,"column":5}},"158":{"start":{"line":283,"column":4},"end":{"line":288,"column":5}},"159":{"start":{"line":284,"column":5},"end":{"line":284,"column":36}},"160":{"start":{"line":285,"column":5},"end":{"line":287,"column":7}},"161":{"start":{"line":286,"column":6},"end":{"line":286,"column":50}},"162":{"start":{"line":292,"column":2},"end":{"line":301,"column":4}},"163":{"start":{"line":293,"column":3},"end":{"line":300,"column":5}},"164":{"start":{"line":294,"column":4},"end":{"line":299,"column":5}},"165":{"start":{"line":295,"column":5},"end":{"line":295,"column":36}},"166":{"start":{"line":296,"column":5},"end":{"line":298,"column":7}},"167":{"start":{"line":297,"column":6},"end":{"line":297,"column":46}},"168":{"start":{"line":303,"column":2},"end":{"line":312,"column":4}},"169":{"start":{"line":304,"column":3},"end":{"line":311,"column":5}},"170":{"start":{"line":305,"column":4},"end":{"line":310,"column":3}},"171":{"start":{"line":306,"column":5},"end":{"line":306,"column":33}},"172":{"start":{"line":307,"column":5},"end":{"line":309,"column":5}},"173":{"start":{"line":308,"column":4},"end":{"line":308,"column":38}},"174":{"start":{"line":315,"column":0},"end":{"line":317,"column":2}},"175":{"start":{"line":316,"column":1},"end":{"line":316,"column":47}},"176":{"start":{"line":320,"column":1},"end":{"line":322,"column":3}},"177":{"start":{"line":321,"column":2},"end":{"line":321,"column":18}},"178":{"start":{"line":326,"column":1},"end":{"line":328,"column":3}},"179":{"start":{"line":327,"column":2},"end":{"line":327,"column":20}},"180":{"start":{"line":332,"column":1},"end":{"line":334,"column":3}},"181":{"start":{"line":333,"column":2},"end":{"line":333,"column":21}},"182":{"start":{"line":338,"column":1},"end":{"line":353,"column":3}},"183":{"start":{"line":339,"column":2},"end":{"line":351,"column":3}},"184":{"start":{"line":340,"column":3},"end":{"line":350,"column":4}},"185":{"start":{"line":341,"column":14},"end":{"line":341,"column":16}},"186":{"start":{"line":342,"column":4},"end":{"line":342,"column":36}},"187":{"start":{"line":343,"column":4},"end":{"line":347,"column":5}},"188":{"start":{"line":344,"column":5},"end":{"line":346,"column":6}},"189":{"start":{"line":345,"column":6},"end":{"line":345,"column":38}},"190":{"start":{"line":348,"column":4},"end":{"line":348,"column":62}},"191":{"start":{"line":349,"column":4},"end":{"line":349,"column":29}},"192":{"start":{"line":352,"column":2},"end":{"line":352,"column":18}},"193":{"start":{"line":357,"column":17},"end":{"line":357,"column":21}},"194":{"start":{"line":358,"column":1},"end":{"line":358,"column":59}},"195":{"start":{"line":358,"column":17},"end":{"line":358,"column":59}},"196":{"start":{"line":359,"column":15},"end":{"line":365,"column":2}},"197":{"start":{"line":366,"column":1},"end":{"line":375,"column":3}},"198":{"start":{"line":367,"column":2},"end":{"line":374,"column":3}},"199":{"start":{"line":368,"column":3},"end":{"line":368,"column":66}},"200":{"start":{"line":369,"column":3},"end":{"line":371,"column":5}},"201":{"start":{"line":370,"column":4},"end":{"line":370,"column":60}},"202":{"start":{"line":373,"column":3},"end":{"line":373,"column":42}},"203":{"start":{"line":378,"column":18},"end":{"line":380,"column":2}},"204":{"start":{"line":381,"column":1},"end":{"line":396,"column":3}},"205":{"start":{"line":382,"column":2},"end":{"line":395,"column":3}},"206":{"start":{"line":383,"column":3},"end":{"line":392,"column":5}},"207":{"start":{"line":384,"column":4},"end":{"line":391,"column":5}},"208":{"start":{"line":385,"column":5},"end":{"line":385,"column":71}},"209":{"start":{"line":386,"column":5},"end":{"line":388,"column":7}},"210":{"start":{"line":387,"column":6},"end":{"line":387,"column":68}},"211":{"start":{"line":390,"column":5},"end":{"line":390,"column":44}},"212":{"start":{"line":394,"column":3},"end":{"line":394,"column":63}},"213":{"start":{"line":400,"column":18},"end":{"line":404,"column":2}},"214":{"start":{"line":405,"column":1},"end":{"line":420,"column":3}},"215":{"start":{"line":406,"column":2},"end":{"line":419,"column":3}},"216":{"start":{"line":407,"column":3},"end":{"line":416,"column":5}},"217":{"start":{"line":408,"column":4},"end":{"line":415,"column":5}},"218":{"start":{"line":409,"column":5},"end":{"line":409,"column":70}},"219":{"start":{"line":410,"column":5},"end":{"line":412,"column":7}},"220":{"start":{"line":411,"column":6},"end":{"line":411,"column":65}},"221":{"start":{"line":414,"column":5},"end":{"line":414,"column":44}},"222":{"start":{"line":418,"column":3},"end":{"line":418,"column":63}},"223":{"start":{"line":424,"column":15},"end":{"line":429,"column":2}},"224":{"start":{"line":430,"column":1},"end":{"line":460,"column":3}},"225":{"start":{"line":431,"column":2},"end":{"line":459,"column":4}},"226":{"start":{"line":432,"column":3},"end":{"line":458,"column":4}},"227":{"start":{"line":433,"column":4},"end":{"line":445,"column":5}},"228":{"start":{"line":434,"column":5},"end":{"line":444,"column":6}},"229":{"start":{"line":446,"column":4},"end":{"line":455,"column":6}},"230":{"start":{"line":447,"column":5},"end":{"line":454,"column":6}},"231":{"start":{"line":448,"column":6},"end":{"line":448,"column":69}},"232":{"start":{"line":449,"column":6},"end":{"line":451,"column":8}},"233":{"start":{"line":450,"column":7},"end":{"line":450,"column":60}},"234":{"start":{"line":453,"column":6},"end":{"line":453,"column":45}},"235":{"start":{"line":457,"column":4},"end":{"line":457,"column":66}},"236":{"start":{"line":464,"column":1},"end":{"line":473,"column":3}},"237":{"start":{"line":465,"column":2},"end":{"line":472,"column":3}},"238":{"start":{"line":466,"column":3},"end":{"line":466,"column":37}},"239":{"start":{"line":467,"column":3},"end":{"line":469,"column":5}},"240":{"start":{"line":468,"column":4},"end":{"line":468,"column":63}},"241":{"start":{"line":471,"column":3},"end":{"line":471,"column":42}},"242":{"start":{"line":477,"column":1},"end":{"line":477,"column":36}},"243":{"start":{"line":478,"column":1},"end":{"line":487,"column":3}},"244":{"start":{"line":479,"column":2},"end":{"line":486,"column":3}},"245":{"start":{"line":480,"column":3},"end":{"line":480,"column":34}},"246":{"start":{"line":481,"column":3},"end":{"line":483,"column":5}},"247":{"start":{"line":482,"column":4},"end":{"line":482,"column":57}},"248":{"start":{"line":485,"column":3},"end":{"line":485,"column":42}},"249":{"start":{"line":491,"column":1},"end":{"line":500,"column":3}},"250":{"start":{"line":492,"column":2},"end":{"line":499,"column":3}},"251":{"start":{"line":493,"column":3},"end":{"line":493,"column":37}},"252":{"start":{"line":494,"column":3},"end":{"line":496,"column":5}},"253":{"start":{"line":495,"column":4},"end":{"line":495,"column":66}},"254":{"start":{"line":498,"column":3},"end":{"line":498,"column":42}},"255":{"start":{"line":504,"column":1},"end":{"line":513,"column":3}},"256":{"start":{"line":505,"column":2},"end":{"line":512,"column":3}},"257":{"start":{"line":506,"column":3},"end":{"line":506,"column":38}},"258":{"start":{"line":507,"column":3},"end":{"line":509,"column":5}},"259":{"start":{"line":508,"column":4},"end":{"line":508,"column":63}},"260":{"start":{"line":511,"column":3},"end":{"line":511,"column":42}},"261":{"start":{"line":517,"column":1},"end":{"line":526,"column":3}},"262":{"start":{"line":518,"column":2},"end":{"line":525,"column":3}},"263":{"start":{"line":519,"column":3},"end":{"line":519,"column":35}},"264":{"start":{"line":520,"column":3},"end":{"line":522,"column":5}},"265":{"start":{"line":521,"column":4},"end":{"line":521,"column":57}},"266":{"start":{"line":524,"column":3},"end":{"line":524,"column":42}},"267":{"start":{"line":530,"column":1},"end":{"line":539,"column":3}},"268":{"start":{"line":531,"column":2},"end":{"line":538,"column":3}},"269":{"start":{"line":532,"column":3},"end":{"line":532,"column":38}},"270":{"start":{"line":533,"column":3},"end":{"line":535,"column":5}},"271":{"start":{"line":534,"column":4},"end":{"line":534,"column":66}},"272":{"start":{"line":537,"column":3},"end":{"line":537,"column":42}},"273":{"start":{"line":543,"column":22},"end":{"line":543,"column":45}},"274":{"start":{"line":544,"column":21},"end":{"line":544,"column":23}},"275":{"start":{"line":545,"column":1},"end":{"line":549,"column":2}},"276":{"start":{"line":546,"column":2},"end":{"line":548,"column":3}},"277":{"start":{"line":547,"column":3},"end":{"line":547,"column":67}},"278":{"start":{"line":550,"column":1},"end":{"line":559,"column":3}},"279":{"start":{"line":551,"column":2},"end":{"line":551,"column":43}},"280":{"start":{"line":552,"column":2},"end":{"line":558,"column":4}},"281":{"start":{"line":553,"column":3},"end":{"line":557,"column":4}},"282":{"start":{"line":554,"column":4},"end":{"line":556,"column":6}},"283":{"start":{"line":555,"column":5},"end":{"line":555,"column":67}},"284":{"start":{"line":563,"column":1},"end":{"line":567,"column":2}},"285":{"start":{"line":564,"column":2},"end":{"line":564,"column":19}},"286":{"start":{"line":566,"column":2},"end":{"line":566,"column":18}},"287":{"start":{"line":568,"column":1},"end":{"line":568,"column":19}},"288":{"start":{"line":572,"column":1},"end":{"line":572,"column":17}},"289":{"start":{"line":573,"column":1},"end":{"line":573,"column":19}},"290":{"start":{"line":577,"column":1},"end":{"line":593,"column":2}},"291":{"start":{"line":578,"column":2},"end":{"line":590,"column":4}},"292":{"start":{"line":579,"column":3},"end":{"line":589,"column":4}},"293":{"start":{"line":580,"column":4},"end":{"line":586,"column":6}},"294":{"start":{"line":581,"column":5},"end":{"line":585,"column":6}},"295":{"start":{"line":582,"column":6},"end":{"line":582,"column":24}},"296":{"start":{"line":584,"column":6},"end":{"line":584,"column":22}},"297":{"start":{"line":588,"column":4},"end":{"line":588,"column":20}},"298":{"start":{"line":592,"column":2},"end":{"line":592,"column":18}},"299":{"start":{"line":597,"column":1},"end":{"line":613,"column":2}},"300":{"start":{"line":598,"column":2},"end":{"line":610,"column":4}},"301":{"start":{"line":599,"column":3},"end":{"line":609,"column":4}},"302":{"start":{"line":600,"column":4},"end":{"line":606,"column":6}},"303":{"start":{"line":601,"column":5},"end":{"line":605,"column":6}},"304":{"start":{"line":602,"column":6},"end":{"line":602,"column":24}},"305":{"start":{"line":604,"column":6},"end":{"line":604,"column":22}},"306":{"start":{"line":608,"column":4},"end":{"line":608,"column":20}},"307":{"start":{"line":612,"column":2},"end":{"line":612,"column":18}},"308":{"start":{"line":617,"column":4},"end":{"line":617,"column":83}},"309":{"start":{"line":620,"column":13},"end":{"line":624,"column":1}},"310":{"start":{"line":621,"column":15},"end":{"line":621,"column":48}},"311":{"start":{"line":622,"column":4},"end":{"line":622,"column":26}},"312":{"start":{"line":623,"column":4},"end":{"line":623,"column":30}},"313":{"start":{"line":630,"column":10},"end":{"line":630,"column":44}},"314":{"start":{"line":631,"column":18},"end":{"line":631,"column":48}},"315":{"start":{"line":632,"column":13},"end":{"line":632,"column":30}},"316":{"start":{"line":634,"column":18},"end":{"line":642,"column":1}},"317":{"start":{"line":635,"column":1},"end":{"line":641,"column":4}},"318":{"start":{"line":636,"column":3},"end":{"line":640,"column":21}},"319":{"start":{"line":637,"column":4},"end":{"line":637,"column":21}},"320":{"start":{"line":638,"column":4},"end":{"line":638,"column":20}},"321":{"start":{"line":640,"column":8},"end":{"line":640,"column":21}},"322":{"start":{"line":644,"column":21},"end":{"line":657,"column":1}},"323":{"start":{"line":645,"column":1},"end":{"line":656,"column":3}},"324":{"start":{"line":646,"column":19},"end":{"line":646,"column":62}},"325":{"start":{"line":647,"column":2},"end":{"line":655,"column":4}},"326":{"start":{"line":648,"column":3},"end":{"line":648,"column":14}},"327":{"start":{"line":649,"column":3},"end":{"line":654,"column":4}},"328":{"start":{"line":650,"column":4},"end":{"line":650,"column":21}},"329":{"start":{"line":651,"column":4},"end":{"line":651,"column":20}},"330":{"start":{"line":653,"column":4},"end":{"line":653,"column":21}},"331":{"start":{"line":659,"column":21},"end":{"line":672,"column":1}},"332":{"start":{"line":660,"column":1},"end":{"line":671,"column":3}},"333":{"start":{"line":661,"column":19},"end":{"line":661,"column":62}},"334":{"start":{"line":662,"column":2},"end":{"line":670,"column":4}},"335":{"start":{"line":663,"column":3},"end":{"line":663,"column":14}},"336":{"start":{"line":664,"column":3},"end":{"line":669,"column":4}},"337":{"start":{"line":665,"column":4},"end":{"line":665,"column":21}},"338":{"start":{"line":666,"column":4},"end":{"line":666,"column":20}},"339":{"start":{"line":668,"column":4},"end":{"line":668,"column":21}},"340":{"start":{"line":674,"column":26},"end":{"line":687,"column":1}},"341":{"start":{"line":675,"column":1},"end":{"line":686,"column":3}},"342":{"start":{"line":676,"column":19},"end":{"line":676,"column":62}},"343":{"start":{"line":677,"column":2},"end":{"line":685,"column":4}},"344":{"start":{"line":678,"column":3},"end":{"line":678,"column":14}},"345":{"start":{"line":679,"column":3},"end":{"line":684,"column":4}},"346":{"start":{"line":680,"column":4},"end":{"line":680,"column":21}},"347":{"start":{"line":681,"column":4},"end":{"line":681,"column":20}},"348":{"start":{"line":683,"column":4},"end":{"line":683,"column":21}},"349":{"start":{"line":689,"column":21},"end":{"line":702,"column":1}},"350":{"start":{"line":690,"column":1},"end":{"line":701,"column":3}},"351":{"start":{"line":691,"column":19},"end":{"line":691,"column":62}},"352":{"start":{"line":692,"column":2},"end":{"line":700,"column":4}},"353":{"start":{"line":693,"column":3},"end":{"line":693,"column":14}},"354":{"start":{"line":694,"column":3},"end":{"line":699,"column":4}},"355":{"start":{"line":695,"column":4},"end":{"line":695,"column":21}},"356":{"start":{"line":696,"column":4},"end":{"line":696,"column":20}},"357":{"start":{"line":698,"column":4},"end":{"line":698,"column":21}},"358":{"start":{"line":704,"column":22},"end":{"line":717,"column":1}},"359":{"start":{"line":705,"column":1},"end":{"line":716,"column":3}},"360":{"start":{"line":706,"column":19},"end":{"line":706,"column":62}},"361":{"start":{"line":707,"column":2},"end":{"line":715,"column":4}},"362":{"start":{"line":708,"column":3},"end":{"line":708,"column":14}},"363":{"start":{"line":709,"column":3},"end":{"line":714,"column":4}},"364":{"start":{"line":710,"column":4},"end":{"line":710,"column":21}},"365":{"start":{"line":711,"column":4},"end":{"line":711,"column":20}},"366":{"start":{"line":713,"column":4},"end":{"line":713,"column":21}},"367":{"start":{"line":719,"column":20},"end":{"line":732,"column":1}},"368":{"start":{"line":720,"column":1},"end":{"line":731,"column":3}},"369":{"start":{"line":721,"column":19},"end":{"line":721,"column":62}},"370":{"start":{"line":722,"column":2},"end":{"line":730,"column":4}},"371":{"start":{"line":723,"column":3},"end":{"line":723,"column":14}},"372":{"start":{"line":724,"column":3},"end":{"line":729,"column":4}},"373":{"start":{"line":725,"column":4},"end":{"line":725,"column":21}},"374":{"start":{"line":726,"column":4},"end":{"line":726,"column":20}},"375":{"start":{"line":728,"column":4},"end":{"line":728,"column":21}},"376":{"start":{"line":734,"column":25},"end":{"line":747,"column":1}},"377":{"start":{"line":735,"column":1},"end":{"line":746,"column":3}},"378":{"start":{"line":736,"column":19},"end":{"line":736,"column":62}},"379":{"start":{"line":737,"column":2},"end":{"line":745,"column":4}},"380":{"start":{"line":738,"column":3},"end":{"line":738,"column":14}},"381":{"start":{"line":739,"column":3},"end":{"line":744,"column":4}},"382":{"start":{"line":740,"column":4},"end":{"line":740,"column":21}},"383":{"start":{"line":741,"column":4},"end":{"line":741,"column":20}},"384":{"start":{"line":743,"column":4},"end":{"line":743,"column":21}},"385":{"start":{"line":749,"column":30},"end":{"line":762,"column":1}},"386":{"start":{"line":750,"column":1},"end":{"line":761,"column":3}},"387":{"start":{"line":751,"column":19},"end":{"line":751,"column":62}},"388":{"start":{"line":752,"column":2},"end":{"line":760,"column":4}},"389":{"start":{"line":753,"column":3},"end":{"line":753,"column":14}},"390":{"start":{"line":754,"column":3},"end":{"line":759,"column":4}},"391":{"start":{"line":755,"column":4},"end":{"line":755,"column":21}},"392":{"start":{"line":756,"column":4},"end":{"line":756,"column":20}},"393":{"start":{"line":758,"column":4},"end":{"line":758,"column":21}},"394":{"start":{"line":764,"column":25},"end":{"line":777,"column":1}},"395":{"start":{"line":765,"column":1},"end":{"line":776,"column":3}},"396":{"start":{"line":766,"column":19},"end":{"line":766,"column":62}},"397":{"start":{"line":767,"column":2},"end":{"line":775,"column":4}},"398":{"start":{"line":768,"column":3},"end":{"line":768,"column":14}},"399":{"start":{"line":769,"column":3},"end":{"line":774,"column":4}},"400":{"start":{"line":770,"column":4},"end":{"line":770,"column":21}},"401":{"start":{"line":771,"column":4},"end":{"line":771,"column":20}},"402":{"start":{"line":773,"column":4},"end":{"line":773,"column":21}},"403":{"start":{"line":779,"column":0},"end":{"line":800,"column":2}},"404":{"start":{"line":780,"column":1},"end":{"line":799,"column":2}},"405":{"start":{"line":781,"column":17},"end":{"line":781,"column":24}},"406":{"start":{"line":782,"column":16},"end":{"line":782,"column":18}},"407":{"start":{"line":783,"column":2},"end":{"line":783,"column":29}},"408":{"start":{"line":784,"column":2},"end":{"line":784,"column":34}},"409":{"start":{"line":785,"column":2},"end":{"line":785,"column":48}},"410":{"start":{"line":786,"column":2},"end":{"line":786,"column":38}},"411":{"start":{"line":787,"column":2},"end":{"line":787,"column":55}},"412":{"start":{"line":788,"column":2},"end":{"line":788,"column":30}},"413":{"start":{"line":789,"column":2},"end":{"line":789,"column":29}},"414":{"start":{"line":790,"column":2},"end":{"line":790,"column":32}},"415":{"start":{"line":791,"column":2},"end":{"line":791,"column":23}},"416":{"start":{"line":792,"column":2},"end":{"line":798,"column":4}},"417":{"start":{"line":793,"column":3},"end":{"line":797,"column":4}},"418":{"start":{"line":794,"column":4},"end":{"line":794,"column":51}},"419":{"start":{"line":796,"column":4},"end":{"line":796,"column":51}},"420":{"start":{"line":803,"column":1},"end":{"line":803,"column":30}},"421":{"start":{"line":804,"column":1},"end":{"line":850,"column":3}},"422":{"start":{"line":805,"column":2},"end":{"line":849,"column":3}},"423":{"start":{"line":806,"column":3},"end":{"line":848,"column":8}},"424":{"start":{"line":807,"column":4},"end":{"line":847,"column":6}},"425":{"start":{"line":808,"column":23},"end":{"line":808,"column":47}},"426":{"start":{"line":809,"column":27},"end":{"line":814,"column":6}},"427":{"start":{"line":815,"column":19},"end":{"line":820,"column":6}},"428":{"start":{"line":821,"column":16},"end":{"line":825,"column":6}},"429":{"start":{"line":827,"column":5},"end":{"line":846,"column":6}},"430":{"start":{"line":828,"column":6},"end":{"line":836,"column":8}},"431":{"start":{"line":829,"column":7},"end":{"line":835,"column":8}},"432":{"start":{"line":830,"column":8},"end":{"line":830,"column":37}},"433":{"start":{"line":831,"column":8},"end":{"line":831,"column":93}},"434":{"start":{"line":832,"column":8},"end":{"line":832,"column":51}},"435":{"start":{"line":833,"column":8},"end":{"line":833,"column":52}},"436":{"start":{"line":834,"column":8},"end":{"line":834,"column":35}},"437":{"start":{"line":837,"column":12},"end":{"line":846,"column":6}},"438":{"start":{"line":838,"column":6},"end":{"line":838,"column":33}},"439":{"start":{"line":839,"column":6},"end":{"line":839,"column":49}},"440":{"start":{"line":840,"column":6},"end":{"line":840,"column":50}},"441":{"start":{"line":841,"column":6},"end":{"line":841,"column":33}},"442":{"start":{"line":843,"column":6},"end":{"line":843,"column":49}},"443":{"start":{"line":844,"column":6},"end":{"line":844,"column":50}},"444":{"start":{"line":845,"column":6},"end":{"line":845,"column":33}},"445":{"start":{"line":853,"column":0},"end":{"line":855,"column":1}},"446":{"start":{"line":854,"column":1},"end":{"line":854,"column":13}},"447":{"start":{"line":858,"column":1},"end":{"line":861,"column":3}},"448":{"start":{"line":859,"column":2},"end":{"line":859,"column":64}},"449":{"start":{"line":860,"column":2},"end":{"line":860,"column":42}},"450":{"start":{"line":863,"column":0},"end":{"line":863,"column":24}}},"fnMap":{"0":{"name":"(anonymous_0)","decl":{"start":{"line":28,"column":13},"end":{"line":28,"column":14}},"loc":{"start":{"line":28,"column":33},"end":{"line":30,"column":1}},"line":28},"1":{"name":"(anonymous_1)","decl":{"start":{"line":32,"column":21},"end":{"line":32,"column":22}},"loc":{"start":{"line":32,"column":41},"end":{"line":50,"column":1}},"line":32},"2":{"name":"(anonymous_2)","decl":{"start":{"line":34,"column":64},"end":{"line":34,"column":65}},"loc":{"start":{"line":34,"column":92},"end":{"line":46,"column":3}},"line":34},"3":{"name":"(anonymous_3)","decl":{"start":{"line":36,"column":116},"end":{"line":36,"column":117}},"loc":{"start":{"line":36,"column":130},"end":{"line":42,"column":5}},"line":36},"4":{"name":"(anonymous_4)","decl":{"start":{"line":52,"column":20},"end":{"line":52,"column":21}},"loc":{"start":{"line":52,"column":40},"end":{"line":77,"column":1}},"line":52},"5":{"name":"(anonymous_5)","decl":{"start":{"line":55,"column":68},"end":{"line":55,"column":69}},"loc":{"start":{"line":55,"column":82},"end":{"line":73,"column":3}},"line":55},"6":{"name":"(anonymous_6)","decl":{"start":{"line":60,"column":81},"end":{"line":60,"column":82}},"loc":{"start":{"line":60,"column":97},"end":{"line":66,"column":6}},"line":60},"7":{"name":"(anonymous_7)","decl":{"start":{"line":79,"column":20},"end":{"line":79,"column":21}},"loc":{"start":{"line":79,"column":40},"end":{"line":108,"column":1}},"line":79},"8":{"name":"(anonymous_8)","decl":{"start":{"line":82,"column":45},"end":{"line":82,"column":46}},"loc":{"start":{"line":82,"column":69},"end":{"line":104,"column":3}},"line":82},"9":{"name":"(anonymous_9)","decl":{"start":{"line":94,"column":37},"end":{"line":94,"column":38}},"loc":{"start":{"line":94,"column":54},"end":{"line":100,"column":5}},"line":94},"10":{"name":"(anonymous_10)","decl":{"start":{"line":110,"column":21},"end":{"line":110,"column":22}},"loc":{"start":{"line":110,"column":41},"end":{"line":125,"column":1}},"line":110},"11":{"name":"(anonymous_11)","decl":{"start":{"line":114,"column":34},"end":{"line":114,"column":35}},"loc":{"start":{"line":114,"column":50},"end":{"line":121,"column":3}},"line":114},"12":{"name":"(anonymous_12)","decl":{"start":{"line":127,"column":24},"end":{"line":127,"column":25}},"loc":{"start":{"line":127,"column":44},"end":{"line":140,"column":1}},"line":127},"13":{"name":"(anonymous_13)","decl":{"start":{"line":130,"column":34},"end":{"line":130,"column":35}},"loc":{"start":{"line":130,"column":50},"end":{"line":136,"column":3}},"line":130},"14":{"name":"(anonymous_14)","decl":{"start":{"line":142,"column":24},"end":{"line":142,"column":25}},"loc":{"start":{"line":142,"column":44},"end":{"line":155,"column":1}},"line":142},"15":{"name":"(anonymous_15)","decl":{"start":{"line":145,"column":34},"end":{"line":145,"column":35}},"loc":{"start":{"line":145,"column":50},"end":{"line":151,"column":3}},"line":145},"16":{"name":"(anonymous_16)","decl":{"start":{"line":157,"column":21},"end":{"line":157,"column":22}},"loc":{"start":{"line":157,"column":41},"end":{"line":170,"column":1}},"line":157},"17":{"name":"(anonymous_17)","decl":{"start":{"line":160,"column":34},"end":{"line":160,"column":35}},"loc":{"start":{"line":160,"column":50},"end":{"line":166,"column":3}},"line":160},"18":{"name":"(anonymous_18)","decl":{"start":{"line":172,"column":22},"end":{"line":172,"column":23}},"loc":{"start":{"line":172,"column":42},"end":{"line":185,"column":1}},"line":172},"19":{"name":"(anonymous_19)","decl":{"start":{"line":175,"column":34},"end":{"line":175,"column":35}},"loc":{"start":{"line":175,"column":50},"end":{"line":181,"column":3}},"line":175},"20":{"name":"(anonymous_20)","decl":{"start":{"line":187,"column":22},"end":{"line":187,"column":23}},"loc":{"start":{"line":187,"column":42},"end":{"line":200,"column":1}},"line":187},"21":{"name":"(anonymous_21)","decl":{"start":{"line":190,"column":34},"end":{"line":190,"column":35}},"loc":{"start":{"line":190,"column":50},"end":{"line":196,"column":3}},"line":190},"22":{"name":"(anonymous_22)","decl":{"start":{"line":202,"column":25},"end":{"line":202,"column":26}},"loc":{"start":{"line":202,"column":45},"end":{"line":215,"column":1}},"line":202},"23":{"name":"(anonymous_23)","decl":{"start":{"line":205,"column":34},"end":{"line":205,"column":35}},"loc":{"start":{"line":205,"column":50},"end":{"line":211,"column":3}},"line":205},"24":{"name":"(anonymous_24)","decl":{"start":{"line":217,"column":24},"end":{"line":217,"column":25}},"loc":{"start":{"line":217,"column":44},"end":{"line":230,"column":1}},"line":217},"25":{"name":"(anonymous_25)","decl":{"start":{"line":220,"column":34},"end":{"line":220,"column":35}},"loc":{"start":{"line":220,"column":50},"end":{"line":226,"column":3}},"line":220},"26":{"name":"(anonymous_26)","decl":{"start":{"line":232,"column":24},"end":{"line":232,"column":25}},"loc":{"start":{"line":232,"column":44},"end":{"line":245,"column":1}},"line":232},"27":{"name":"(anonymous_27)","decl":{"start":{"line":235,"column":34},"end":{"line":235,"column":35}},"loc":{"start":{"line":235,"column":50},"end":{"line":241,"column":3}},"line":235},"28":{"name":"(anonymous_28)","decl":{"start":{"line":247,"column":27},"end":{"line":247,"column":28}},"loc":{"start":{"line":247,"column":47},"end":{"line":260,"column":1}},"line":247},"29":{"name":"(anonymous_29)","decl":{"start":{"line":250,"column":34},"end":{"line":250,"column":35}},"loc":{"start":{"line":250,"column":50},"end":{"line":256,"column":3}},"line":250},"30":{"name":"(anonymous_30)","decl":{"start":{"line":268,"column":20},"end":{"line":268,"column":21}},"loc":{"start":{"line":268,"column":36},"end":{"line":313,"column":1}},"line":268},"31":{"name":"(anonymous_31)","decl":{"start":{"line":270,"column":32},"end":{"line":270,"column":33}},"loc":{"start":{"line":270,"column":52},"end":{"line":279,"column":3}},"line":270},"32":{"name":"(anonymous_32)","decl":{"start":{"line":271,"column":24},"end":{"line":271,"column":25}},"loc":{"start":{"line":271,"column":39},"end":{"line":278,"column":4}},"line":271},"33":{"name":"(anonymous_33)","decl":{"start":{"line":274,"column":21},"end":{"line":274,"column":22}},"loc":{"start":{"line":274,"column":36},"end":{"line":276,"column":6}},"line":274},"34":{"name":"(anonymous_34)","decl":{"start":{"line":281,"column":35},"end":{"line":281,"column":36}},"loc":{"start":{"line":281,"column":55},"end":{"line":290,"column":3}},"line":281},"35":{"name":"(anonymous_35)","decl":{"start":{"line":282,"column":24},"end":{"line":282,"column":25}},"loc":{"start":{"line":282,"column":39},"end":{"line":289,"column":4}},"line":282},"36":{"name":"(anonymous_36)","decl":{"start":{"line":285,"column":24},"end":{"line":285,"column":25}},"loc":{"start":{"line":285,"column":47},"end":{"line":287,"column":6}},"line":285},"37":{"name":"(anonymous_37)","decl":{"start":{"line":292,"column":35},"end":{"line":292,"column":36}},"loc":{"start":{"line":292,"column":55},"end":{"line":301,"column":3}},"line":292},"38":{"name":"(anonymous_38)","decl":{"start":{"line":293,"column":24},"end":{"line":293,"column":25}},"loc":{"start":{"line":293,"column":39},"end":{"line":300,"column":4}},"line":293},"39":{"name":"(anonymous_39)","decl":{"start":{"line":296,"column":24},"end":{"line":296,"column":25}},"loc":{"start":{"line":296,"column":42},"end":{"line":298,"column":6}},"line":296},"40":{"name":"(anonymous_40)","decl":{"start":{"line":303,"column":32},"end":{"line":303,"column":33}},"loc":{"start":{"line":303,"column":52},"end":{"line":312,"column":3}},"line":303},"41":{"name":"(anonymous_41)","decl":{"start":{"line":304,"column":24},"end":{"line":304,"column":25}},"loc":{"start":{"line":304,"column":39},"end":{"line":311,"column":4}},"line":304},"42":{"name":"(anonymous_42)","decl":{"start":{"line":307,"column":21},"end":{"line":307,"column":22}},"loc":{"start":{"line":307,"column":36},"end":{"line":309,"column":4}},"line":307},"43":{"name":"(anonymous_43)","decl":{"start":{"line":315,"column":23},"end":{"line":315,"column":24}},"loc":{"start":{"line":315,"column":33},"end":{"line":317,"column":1}},"line":315},"44":{"name":"getAllRidesInfo","decl":{"start":{"line":319,"column":9},"end":{"line":319,"column":24}},"loc":{"start":{"line":319,"column":35},"end":{"line":323,"column":1}},"line":319},"45":{"name":"(anonymous_45)","decl":{"start":{"line":320,"column":75},"end":{"line":320,"column":76}},"loc":{"start":{"line":320,"column":90},"end":{"line":322,"column":2}},"line":320},"46":{"name":"getAllVehiclesInfo","decl":{"start":{"line":325,"column":9},"end":{"line":325,"column":27}},"loc":{"start":{"line":325,"column":38},"end":{"line":329,"column":1}},"line":325},"47":{"name":"(anonymous_47)","decl":{"start":{"line":326,"column":31},"end":{"line":326,"column":32}},"loc":{"start":{"line":326,"column":49},"end":{"line":328,"column":2}},"line":326},"48":{"name":"getAllStationsInfo","decl":{"start":{"line":331,"column":9},"end":{"line":331,"column":27}},"loc":{"start":{"line":331,"column":38},"end":{"line":335,"column":1}},"line":331},"49":{"name":"(anonymous_49)","decl":{"start":{"line":332,"column":49},"end":{"line":332,"column":50}},"loc":{"start":{"line":332,"column":67},"end":{"line":334,"column":2}},"line":332},"50":{"name":"getallEdgesInfo","decl":{"start":{"line":337,"column":9},"end":{"line":337,"column":24}},"loc":{"start":{"line":337,"column":35},"end":{"line":354,"column":1}},"line":337},"51":{"name":"(anonymous_51)","decl":{"start":{"line":338,"column":49},"end":{"line":338,"column":50}},"loc":{"start":{"line":338,"column":64},"end":{"line":353,"column":2}},"line":338},"52":{"name":"addRide","decl":{"start":{"line":356,"column":9},"end":{"line":356,"column":16}},"loc":{"start":{"line":356,"column":28},"end":{"line":375,"column":4}},"line":356},"53":{"name":"(anonymous_53)","decl":{"start":{"line":366,"column":34},"end":{"line":366,"column":35}},"loc":{"start":{"line":366,"column":47},"end":{"line":375,"column":2}},"line":366},"54":{"name":"(anonymous_54)","decl":{"start":{"line":369,"column":19},"end":{"line":369,"column":20}},"loc":{"start":{"line":369,"column":41},"end":{"line":371,"column":4}},"line":369},"55":{"name":"addVehicle","decl":{"start":{"line":377,"column":9},"end":{"line":377,"column":19}},"loc":{"start":{"line":377,"column":31},"end":{"line":397,"column":1}},"line":377},"56":{"name":"(anonymous_56)","decl":{"start":{"line":381,"column":51},"end":{"line":381,"column":52}},"loc":{"start":{"line":381,"column":81},"end":{"line":396,"column":2}},"line":381},"57":{"name":"(anonymous_57)","decl":{"start":{"line":383,"column":42},"end":{"line":383,"column":43}},"loc":{"start":{"line":383,"column":55},"end":{"line":392,"column":4}},"line":383},"58":{"name":"(anonymous_58)","decl":{"start":{"line":386,"column":24},"end":{"line":386,"column":25}},"loc":{"start":{"line":386,"column":46},"end":{"line":388,"column":6}},"line":386},"59":{"name":"addStation","decl":{"start":{"line":399,"column":9},"end":{"line":399,"column":19}},"loc":{"start":{"line":399,"column":31},"end":{"line":421,"column":1}},"line":399},"60":{"name":"(anonymous_60)","decl":{"start":{"line":405,"column":48},"end":{"line":405,"column":49}},"loc":{"start":{"line":405,"column":78},"end":{"line":420,"column":2}},"line":405},"61":{"name":"(anonymous_61)","decl":{"start":{"line":407,"column":39},"end":{"line":407,"column":40}},"loc":{"start":{"line":407,"column":52},"end":{"line":416,"column":4}},"line":407},"62":{"name":"(anonymous_62)","decl":{"start":{"line":410,"column":24},"end":{"line":410,"column":25}},"loc":{"start":{"line":410,"column":42},"end":{"line":412,"column":6}},"line":410},"63":{"name":"addPath","decl":{"start":{"line":423,"column":9},"end":{"line":423,"column":16}},"loc":{"start":{"line":423,"column":28},"end":{"line":461,"column":1}},"line":423},"64":{"name":"(anonymous_64)","decl":{"start":{"line":430,"column":69},"end":{"line":430,"column":70}},"loc":{"start":{"line":430,"column":91},"end":{"line":460,"column":2}},"line":430},"65":{"name":"(anonymous_65)","decl":{"start":{"line":431,"column":68},"end":{"line":431,"column":69}},"loc":{"start":{"line":431,"column":88},"end":{"line":459,"column":3}},"line":431},"66":{"name":"(anonymous_66)","decl":{"start":{"line":446,"column":37},"end":{"line":446,"column":38}},"loc":{"start":{"line":446,"column":50},"end":{"line":455,"column":5}},"line":446},"67":{"name":"(anonymous_67)","decl":{"start":{"line":449,"column":22},"end":{"line":449,"column":23}},"loc":{"start":{"line":449,"column":40},"end":{"line":451,"column":7}},"line":449},"68":{"name":"editNode","decl":{"start":{"line":463,"column":9},"end":{"line":463,"column":17}},"loc":{"start":{"line":463,"column":29},"end":{"line":474,"column":1}},"line":463},"69":{"name":"(anonymous_69)","decl":{"start":{"line":464,"column":73},"end":{"line":464,"column":74}},"loc":{"start":{"line":464,"column":96},"end":{"line":473,"column":2}},"line":464},"70":{"name":"(anonymous_70)","decl":{"start":{"line":467,"column":22},"end":{"line":467,"column":23}},"loc":{"start":{"line":467,"column":40},"end":{"line":469,"column":4}},"line":467},"71":{"name":"editEdge","decl":{"start":{"line":476,"column":9},"end":{"line":476,"column":17}},"loc":{"start":{"line":476,"column":29},"end":{"line":488,"column":1}},"line":476},"72":{"name":"(anonymous_72)","decl":{"start":{"line":478,"column":73},"end":{"line":478,"column":74}},"loc":{"start":{"line":478,"column":93},"end":{"line":487,"column":2}},"line":478},"73":{"name":"(anonymous_73)","decl":{"start":{"line":481,"column":19},"end":{"line":481,"column":20}},"loc":{"start":{"line":481,"column":37},"end":{"line":483,"column":4}},"line":481},"74":{"name":"editVehicle","decl":{"start":{"line":490,"column":9},"end":{"line":490,"column":20}},"loc":{"start":{"line":490,"column":32},"end":{"line":501,"column":1}},"line":490},"75":{"name":"(anonymous_75)","decl":{"start":{"line":491,"column":76},"end":{"line":491,"column":77}},"loc":{"start":{"line":491,"column":99},"end":{"line":500,"column":2}},"line":491},"76":{"name":"(anonymous_76)","decl":{"start":{"line":494,"column":22},"end":{"line":494,"column":23}},"loc":{"start":{"line":494,"column":44},"end":{"line":496,"column":4}},"line":494},"77":{"name":"deleteNode","decl":{"start":{"line":503,"column":9},"end":{"line":503,"column":19}},"loc":{"start":{"line":503,"column":31},"end":{"line":514,"column":1}},"line":503},"78":{"name":"(anonymous_78)","decl":{"start":{"line":504,"column":61},"end":{"line":504,"column":62}},"loc":{"start":{"line":504,"column":85},"end":{"line":513,"column":2}},"line":504},"79":{"name":"(anonymous_79)","decl":{"start":{"line":507,"column":22},"end":{"line":507,"column":23}},"loc":{"start":{"line":507,"column":40},"end":{"line":509,"column":4}},"line":507},"80":{"name":"deleteEdge","decl":{"start":{"line":516,"column":9},"end":{"line":516,"column":19}},"loc":{"start":{"line":516,"column":31},"end":{"line":527,"column":1}},"line":516},"81":{"name":"(anonymous_81)","decl":{"start":{"line":517,"column":61},"end":{"line":517,"column":62}},"loc":{"start":{"line":517,"column":82},"end":{"line":526,"column":2}},"line":517},"82":{"name":"(anonymous_82)","decl":{"start":{"line":520,"column":19},"end":{"line":520,"column":20}},"loc":{"start":{"line":520,"column":37},"end":{"line":522,"column":4}},"line":520},"83":{"name":"deleteVehicle","decl":{"start":{"line":529,"column":9},"end":{"line":529,"column":22}},"loc":{"start":{"line":529,"column":34},"end":{"line":540,"column":1}},"line":529},"84":{"name":"(anonymous_84)","decl":{"start":{"line":530,"column":64},"end":{"line":530,"column":65}},"loc":{"start":{"line":530,"column":88},"end":{"line":539,"column":2}},"line":530},"85":{"name":"(anonymous_85)","decl":{"start":{"line":533,"column":22},"end":{"line":533,"column":23}},"loc":{"start":{"line":533,"column":44},"end":{"line":535,"column":4}},"line":533},"86":{"name":"updateVehicle","decl":{"start":{"line":542,"column":9},"end":{"line":542,"column":22}},"loc":{"start":{"line":542,"column":35},"end":{"line":560,"column":1}},"line":542},"87":{"name":"(anonymous_87)","decl":{"start":{"line":550,"column":65},"end":{"line":550,"column":66}},"loc":{"start":{"line":550,"column":76},"end":{"line":559,"column":2}},"line":550},"88":{"name":"(anonymous_88)","decl":{"start":{"line":552,"column":51},"end":{"line":552,"column":52}},"loc":{"start":{"line":552,"column":63},"end":{"line":558,"column":3}},"line":552},"89":{"name":"(anonymous_89)","decl":{"start":{"line":554,"column":23},"end":{"line":554,"column":24}},"loc":{"start":{"line":554,"column":45},"end":{"line":556,"column":5}},"line":554},"90":{"name":"resError","decl":{"start":{"line":562,"column":9},"end":{"line":562,"column":17}},"loc":{"start":{"line":562,"column":38},"end":{"line":569,"column":1}},"line":562},"91":{"name":"resSuccess","decl":{"start":{"line":571,"column":9},"end":{"line":571,"column":19}},"loc":{"start":{"line":571,"column":34},"end":{"line":574,"column":1}},"line":571},"92":{"name":"findUser","decl":{"start":{"line":576,"column":9},"end":{"line":576,"column":17}},"loc":{"start":{"line":576,"column":39},"end":{"line":594,"column":1}},"line":576},"93":{"name":"(anonymous_93)","decl":{"start":{"line":578,"column":53},"end":{"line":578,"column":54}},"loc":{"start":{"line":578,"column":81},"end":{"line":590,"column":3}},"line":578},"94":{"name":"(anonymous_94)","decl":{"start":{"line":580,"column":66},"end":{"line":580,"column":67}},"loc":{"start":{"line":580,"column":80},"end":{"line":586,"column":5}},"line":580},"95":{"name":"findAdmin","decl":{"start":{"line":596,"column":9},"end":{"line":596,"column":18}},"loc":{"start":{"line":596,"column":40},"end":{"line":614,"column":1}},"line":596},"96":{"name":"(anonymous_96)","decl":{"start":{"line":598,"column":53},"end":{"line":598,"column":54}},"loc":{"start":{"line":598,"column":81},"end":{"line":610,"column":3}},"line":598},"97":{"name":"(anonymous_97)","decl":{"start":{"line":600,"column":78},"end":{"line":600,"column":79}},"loc":{"start":{"line":600,"column":92},"end":{"line":606,"column":5}},"line":600},"98":{"name":"randomString","decl":{"start":{"line":616,"column":9},"end":{"line":616,"column":21}},"loc":{"start":{"line":616,"column":29},"end":{"line":618,"column":1}},"line":616},"99":{"name":"(anonymous_99)","decl":{"start":{"line":620,"column":13},"end":{"line":620,"column":14}},"loc":{"start":{"line":620,"column":37},"end":{"line":624,"column":1}},"line":620},"100":{"name":"(anonymous_100)","decl":{"start":{"line":634,"column":18},"end":{"line":634,"column":19}},"loc":{"start":{"line":634,"column":37},"end":{"line":642,"column":1}},"line":634},"101":{"name":"(anonymous_101)","decl":{"start":{"line":635,"column":26},"end":{"line":635,"column":27}},"loc":{"start":{"line":635,"column":44},"end":{"line":641,"column":2}},"line":635},"102":{"name":"(anonymous_102)","decl":{"start":{"line":644,"column":21},"end":{"line":644,"column":22}},"loc":{"start":{"line":644,"column":70},"end":{"line":657,"column":1}},"line":644},"103":{"name":"(anonymous_103)","decl":{"start":{"line":645,"column":13},"end":{"line":645,"column":14}},"loc":{"start":{"line":645,"column":25},"end":{"line":656,"column":2}},"line":645},"104":{"name":"(anonymous_104)","decl":{"start":{"line":647,"column":33},"end":{"line":647,"column":34}},"loc":{"start":{"line":647,"column":55},"end":{"line":655,"column":3}},"line":647},"105":{"name":"(anonymous_105)","decl":{"start":{"line":659,"column":21},"end":{"line":659,"column":22}},"loc":{"start":{"line":659,"column":85},"end":{"line":672,"column":1}},"line":659},"106":{"name":"(anonymous_106)","decl":{"start":{"line":660,"column":13},"end":{"line":660,"column":14}},"loc":{"start":{"line":660,"column":25},"end":{"line":671,"column":2}},"line":660},"107":{"name":"(anonymous_107)","decl":{"start":{"line":662,"column":58},"end":{"line":662,"column":59}},"loc":{"start":{"line":662,"column":80},"end":{"line":670,"column":3}},"line":662},"108":{"name":"(anonymous_108)","decl":{"start":{"line":674,"column":26},"end":{"line":674,"column":27}},"loc":{"start":{"line":674,"column":90},"end":{"line":687,"column":1}},"line":674},"109":{"name":"(anonymous_109)","decl":{"start":{"line":675,"column":13},"end":{"line":675,"column":14}},"loc":{"start":{"line":675,"column":25},"end":{"line":686,"column":2}},"line":675},"110":{"name":"(anonymous_110)","decl":{"start":{"line":677,"column":51},"end":{"line":677,"column":52}},"loc":{"start":{"line":677,"column":73},"end":{"line":685,"column":3}},"line":677},"111":{"name":"(anonymous_111)","decl":{"start":{"line":689,"column":21},"end":{"line":689,"column":22}},"loc":{"start":{"line":689,"column":75},"end":{"line":702,"column":1}},"line":689},"112":{"name":"(anonymous_112)","decl":{"start":{"line":690,"column":13},"end":{"line":690,"column":14}},"loc":{"start":{"line":690,"column":25},"end":{"line":701,"column":2}},"line":690},"113":{"name":"(anonymous_113)","decl":{"start":{"line":692,"column":41},"end":{"line":692,"column":42}},"loc":{"start":{"line":692,"column":63},"end":{"line":700,"column":3}},"line":692},"114":{"name":"(anonymous_114)","decl":{"start":{"line":704,"column":22},"end":{"line":704,"column":23}},"loc":{"start":{"line":704,"column":76},"end":{"line":717,"column":1}},"line":704},"115":{"name":"(anonymous_115)","decl":{"start":{"line":705,"column":13},"end":{"line":705,"column":14}},"loc":{"start":{"line":705,"column":25},"end":{"line":716,"column":2}},"line":705},"116":{"name":"(anonymous_116)","decl":{"start":{"line":707,"column":42},"end":{"line":707,"column":43}},"loc":{"start":{"line":707,"column":64},"end":{"line":715,"column":3}},"line":707},"117":{"name":"(anonymous_117)","decl":{"start":{"line":719,"column":20},"end":{"line":719,"column":21}},"loc":{"start":{"line":719,"column":69},"end":{"line":732,"column":1}},"line":719},"118":{"name":"(anonymous_118)","decl":{"start":{"line":720,"column":13},"end":{"line":720,"column":14}},"loc":{"start":{"line":720,"column":25},"end":{"line":731,"column":2}},"line":720},"119":{"name":"(anonymous_119)","decl":{"start":{"line":722,"column":39},"end":{"line":722,"column":40}},"loc":{"start":{"line":722,"column":61},"end":{"line":730,"column":3}},"line":722},"120":{"name":"(anonymous_120)","decl":{"start":{"line":734,"column":25},"end":{"line":734,"column":26}},"loc":{"start":{"line":734,"column":74},"end":{"line":747,"column":1}},"line":734},"121":{"name":"(anonymous_121)","decl":{"start":{"line":735,"column":13},"end":{"line":735,"column":14}},"loc":{"start":{"line":735,"column":25},"end":{"line":746,"column":2}},"line":735},"122":{"name":"(anonymous_122)","decl":{"start":{"line":737,"column":32},"end":{"line":737,"column":33}},"loc":{"start":{"line":737,"column":54},"end":{"line":745,"column":3}},"line":737},"123":{"name":"(anonymous_123)","decl":{"start":{"line":749,"column":30},"end":{"line":749,"column":31}},"loc":{"start":{"line":749,"column":108},"end":{"line":762,"column":1}},"line":749},"124":{"name":"(anonymous_124)","decl":{"start":{"line":750,"column":13},"end":{"line":750,"column":14}},"loc":{"start":{"line":750,"column":25},"end":{"line":761,"column":2}},"line":750},"125":{"name":"(anonymous_125)","decl":{"start":{"line":752,"column":87},"end":{"line":752,"column":88}},"loc":{"start":{"line":752,"column":109},"end":{"line":760,"column":3}},"line":752},"126":{"name":"(anonymous_126)","decl":{"start":{"line":764,"column":25},"end":{"line":764,"column":26}},"loc":{"start":{"line":764,"column":72},"end":{"line":777,"column":1}},"line":764},"127":{"name":"(anonymous_127)","decl":{"start":{"line":765,"column":13},"end":{"line":765,"column":14}},"loc":{"start":{"line":765,"column":25},"end":{"line":776,"column":2}},"line":765},"128":{"name":"(anonymous_128)","decl":{"start":{"line":767,"column":42},"end":{"line":767,"column":43}},"loc":{"start":{"line":767,"column":64},"end":{"line":775,"column":3}},"line":767},"129":{"name":"(anonymous_129)","decl":{"start":{"line":779,"column":37},"end":{"line":779,"column":38}},"loc":{"start":{"line":779,"column":53},"end":{"line":800,"column":1}},"line":779},"130":{"name":"(anonymous_130)","decl":{"start":{"line":792,"column":35},"end":{"line":792,"column":36}},"loc":{"start":{"line":792,"column":52},"end":{"line":798,"column":3}},"line":792},"131":{"name":"simulation","decl":{"start":{"line":802,"column":9},"end":{"line":802,"column":19}},"loc":{"start":{"line":802,"column":22},"end":{"line":851,"column":1}},"line":802},"132":{"name":"(anonymous_132)","decl":{"start":{"line":804,"column":31},"end":{"line":804,"column":32}},"loc":{"start":{"line":804,"column":49},"end":{"line":850,"column":2}},"line":804},"133":{"name":"(anonymous_133)","decl":{"start":{"line":806,"column":4},"end":{"line":806,"column":5}},"loc":{"start":{"line":806,"column":16},"end":{"line":848,"column":4}},"line":806},"134":{"name":"(anonymous_134)","decl":{"start":{"line":807,"column":58},"end":{"line":807,"column":59}},"loc":{"start":{"line":807,"column":72},"end":{"line":847,"column":5}},"line":807},"135":{"name":"(anonymous_135)","decl":{"start":{"line":828,"column":64},"end":{"line":828,"column":65}},"loc":{"start":{"line":828,"column":82},"end":{"line":836,"column":7}},"line":828},"136":{"name":"updateVehicleLocation","decl":{"start":{"line":857,"column":9},"end":{"line":857,"column":30}},"loc":{"start":{"line":857,"column":33},"end":{"line":862,"column":1}},"line":857},"137":{"name":"(anonymous_137)","decl":{"start":{"line":858,"column":20},"end":{"line":858,"column":21}},"loc":{"start":{"line":858,"column":42},"end":{"line":861,"column":2}},"line":858}},"branchMap":{"0":{"loc":{"start":{"line":33,"column":1},"end":{"line":49,"column":2}},"type":"if","locations":[{"start":{"line":33,"column":1},"end":{"line":49,"column":2}},{"start":{"line":33,"column":1},"end":{"line":49,"column":2}}],"line":33},"1":{"loc":{"start":{"line":35,"column":3},"end":{"line":45,"column":4}},"type":"if","locations":[{"start":{"line":35,"column":3},"end":{"line":45,"column":4}},{"start":{"line":35,"column":3},"end":{"line":45,"column":4}}],"line":35},"2":{"loc":{"start":{"line":37,"column":5},"end":{"line":41,"column":6}},"type":"if","locations":[{"start":{"line":37,"column":5},"end":{"line":41,"column":6}},{"start":{"line":37,"column":5},"end":{"line":41,"column":6}}],"line":37},"3":{"loc":{"start":{"line":54,"column":1},"end":{"line":76,"column":2}},"type":"if","locations":[{"start":{"line":54,"column":1},"end":{"line":76,"column":2}},{"start":{"line":54,"column":1},"end":{"line":76,"column":2}}],"line":54},"4":{"loc":{"start":{"line":54,"column":4},"end":{"line":54,"column":39}},"type":"binary-expr","locations":[{"start":{"line":54,"column":4},"end":{"line":54,"column":8}},{"start":{"line":54,"column":12},"end":{"line":54,"column":22}},{"start":{"line":54,"column":26},"end":{"line":54,"column":39}}],"line":54},"5":{"loc":{"start":{"line":56,"column":3},"end":{"line":72,"column":4}},"type":"if","locations":[{"start":{"line":56,"column":3},"end":{"line":72,"column":4}},{"start":{"line":56,"column":3},"end":{"line":72,"column":4}}],"line":56},"6":{"loc":{"start":{"line":58,"column":4},"end":{"line":69,"column":5}},"type":"if","locations":[{"start":{"line":58,"column":4},"end":{"line":69,"column":5}},{"start":{"line":58,"column":4},"end":{"line":69,"column":5}}],"line":58},"7":{"loc":{"start":{"line":61,"column":6},"end":{"line":65,"column":7}},"type":"if","locations":[{"start":{"line":61,"column":6},"end":{"line":65,"column":7}},{"start":{"line":61,"column":6},"end":{"line":65,"column":7}}],"line":61},"8":{"loc":{"start":{"line":81,"column":1},"end":{"line":107,"column":2}},"type":"if","locations":[{"start":{"line":81,"column":1},"end":{"line":107,"column":2}},{"start":{"line":81,"column":1},"end":{"line":107,"column":2}}],"line":81},"9":{"loc":{"start":{"line":81,"column":4},"end":{"line":81,"column":108}},"type":"binary-expr","locations":[{"start":{"line":81,"column":4},"end":{"line":81,"column":8}},{"start":{"line":81,"column":12},"end":{"line":81,"column":25}},{"start":{"line":81,"column":29},"end":{"line":81,"column":39}},{"start":{"line":81,"column":43},"end":{"line":81,"column":57}},{"start":{"line":81,"column":61},"end":{"line":81,"column":74}},{"start":{"line":81,"column":78},"end":{"line":81,"column":91}},{"start":{"line":81,"column":95},"end":{"line":81,"column":108}}],"line":81},"10":{"loc":{"start":{"line":83,"column":3},"end":{"line":103,"column":4}},"type":"if","locations":[{"start":{"line":83,"column":3},"end":{"line":103,"column":4}},{"start":{"line":83,"column":3},"end":{"line":103,"column":4}}],"line":83},"11":{"loc":{"start":{"line":95,"column":5},"end":{"line":99,"column":6}},"type":"if","locations":[{"start":{"line":95,"column":5},"end":{"line":99,"column":6}},{"start":{"line":95,"column":5},"end":{"line":99,"column":6}}],"line":95},"12":{"loc":{"start":{"line":112,"column":1},"end":{"line":124,"column":2}},"type":"if","locations":[{"start":{"line":112,"column":1},"end":{"line":124,"column":2}},{"start":{"line":112,"column":1},"end":{"line":124,"column":2}}],"line":112},"13":{"loc":{"start":{"line":112,"column":4},"end":{"line":112,"column":47}},"type":"binary-expr","locations":[{"start":{"line":112,"column":4},"end":{"line":112,"column":8}},{"start":{"line":112,"column":12},"end":{"line":112,"column":27}},{"start":{"line":112,"column":31},"end":{"line":112,"column":47}}],"line":112},"14":{"loc":{"start":{"line":113,"column":2},"end":{"line":113,"column":38}},"type":"if","locations":[{"start":{"line":113,"column":2},"end":{"line":113,"column":38}},{"start":{"line":113,"column":2},"end":{"line":113,"column":38}}],"line":113},"15":{"loc":{"start":{"line":115,"column":3},"end":{"line":120,"column":4}},"type":"if","locations":[{"start":{"line":115,"column":3},"end":{"line":120,"column":4}},{"start":{"line":115,"column":3},"end":{"line":120,"column":4}}],"line":115},"16":{"loc":{"start":{"line":129,"column":1},"end":{"line":139,"column":2}},"type":"if","locations":[{"start":{"line":129,"column":1},"end":{"line":139,"column":2}},{"start":{"line":129,"column":1},"end":{"line":139,"column":2}}],"line":129},"17":{"loc":{"start":{"line":129,"column":4},"end":{"line":129,"column":21}},"type":"binary-expr","locations":[{"start":{"line":129,"column":4},"end":{"line":129,"column":8}},{"start":{"line":129,"column":12},"end":{"line":129,"column":21}}],"line":129},"18":{"loc":{"start":{"line":131,"column":3},"end":{"line":135,"column":4}},"type":"if","locations":[{"start":{"line":131,"column":3},"end":{"line":135,"column":4}},{"start":{"line":131,"column":3},"end":{"line":135,"column":4}}],"line":131},"19":{"loc":{"start":{"line":144,"column":1},"end":{"line":154,"column":2}},"type":"if","locations":[{"start":{"line":144,"column":1},"end":{"line":154,"column":2}},{"start":{"line":144,"column":1},"end":{"line":154,"column":2}}],"line":144},"20":{"loc":{"start":{"line":144,"column":4},"end":{"line":144,"column":84}},"type":"binary-expr","locations":[{"start":{"line":144,"column":4},"end":{"line":144,"column":8}},{"start":{"line":144,"column":12},"end":{"line":144,"column":21}},{"start":{"line":144,"column":25},"end":{"line":144,"column":41}},{"start":{"line":144,"column":45},"end":{"line":144,"column":71}},{"start":{"line":144,"column":75},"end":{"line":144,"column":84}}],"line":144},"21":{"loc":{"start":{"line":146,"column":3},"end":{"line":150,"column":4}},"type":"if","locations":[{"start":{"line":146,"column":3},"end":{"line":150,"column":4}},{"start":{"line":146,"column":3},"end":{"line":150,"column":4}}],"line":146},"22":{"loc":{"start":{"line":159,"column":1},"end":{"line":169,"column":2}},"type":"if","locations":[{"start":{"line":159,"column":1},"end":{"line":169,"column":2}},{"start":{"line":159,"column":1},"end":{"line":169,"column":2}}],"line":159},"23":{"loc":{"start":{"line":159,"column":4},"end":{"line":159,"column":100}},"type":"binary-expr","locations":[{"start":{"line":159,"column":4},"end":{"line":159,"column":8}},{"start":{"line":159,"column":12},"end":{"line":159,"column":29}},{"start":{"line":159,"column":33},"end":{"line":159,"column":48}},{"start":{"line":159,"column":52},"end":{"line":159,"column":70}},{"start":{"line":159,"column":74},"end":{"line":159,"column":100}}],"line":159},"24":{"loc":{"start":{"line":161,"column":3},"end":{"line":165,"column":4}},"type":"if","locations":[{"start":{"line":161,"column":3},"end":{"line":165,"column":4}},{"start":{"line":161,"column":3},"end":{"line":165,"column":4}}],"line":161},"25":{"loc":{"start":{"line":174,"column":1},"end":{"line":184,"column":2}},"type":"if","locations":[{"start":{"line":174,"column":1},"end":{"line":184,"column":2}},{"start":{"line":174,"column":1},"end":{"line":184,"column":2}}],"line":174},"26":{"loc":{"start":{"line":174,"column":4},"end":{"line":174,"column":33}},"type":"binary-expr","locations":[{"start":{"line":174,"column":4},"end":{"line":174,"column":8}},{"start":{"line":174,"column":12},"end":{"line":174,"column":19}},{"start":{"line":174,"column":23},"end":{"line":174,"column":33}}],"line":174},"27":{"loc":{"start":{"line":176,"column":3},"end":{"line":180,"column":4}},"type":"if","locations":[{"start":{"line":176,"column":3},"end":{"line":180,"column":4}},{"start":{"line":176,"column":3},"end":{"line":180,"column":4}}],"line":176},"28":{"loc":{"start":{"line":189,"column":1},"end":{"line":199,"column":2}},"type":"if","locations":[{"start":{"line":189,"column":1},"end":{"line":199,"column":2}},{"start":{"line":189,"column":1},"end":{"line":199,"column":2}}],"line":189},"29":{"loc":{"start":{"line":189,"column":4},"end":{"line":189,"column":33}},"type":"binary-expr","locations":[{"start":{"line":189,"column":4},"end":{"line":189,"column":8}},{"start":{"line":189,"column":12},"end":{"line":189,"column":19}},{"start":{"line":189,"column":23},"end":{"line":189,"column":33}}],"line":189},"30":{"loc":{"start":{"line":191,"column":3},"end":{"line":195,"column":4}},"type":"if","locations":[{"start":{"line":191,"column":3},"end":{"line":195,"column":4}},{"start":{"line":191,"column":3},"end":{"line":195,"column":4}}],"line":191},"31":{"loc":{"start":{"line":204,"column":1},"end":{"line":214,"column":2}},"type":"if","locations":[{"start":{"line":204,"column":1},"end":{"line":214,"column":2}},{"start":{"line":204,"column":1},"end":{"line":214,"column":2}}],"line":204},"32":{"loc":{"start":{"line":204,"column":4},"end":{"line":204,"column":33}},"type":"binary-expr","locations":[{"start":{"line":204,"column":4},"end":{"line":204,"column":8}},{"start":{"line":204,"column":12},"end":{"line":204,"column":19}},{"start":{"line":204,"column":23},"end":{"line":204,"column":33}}],"line":204},"33":{"loc":{"start":{"line":206,"column":3},"end":{"line":210,"column":4}},"type":"if","locations":[{"start":{"line":206,"column":3},"end":{"line":210,"column":4}},{"start":{"line":206,"column":3},"end":{"line":210,"column":4}}],"line":206},"34":{"loc":{"start":{"line":219,"column":1},"end":{"line":229,"column":2}},"type":"if","locations":[{"start":{"line":219,"column":1},"end":{"line":229,"column":2}},{"start":{"line":219,"column":1},"end":{"line":229,"column":2}}],"line":219},"35":{"loc":{"start":{"line":219,"column":4},"end":{"line":219,"column":19}},"type":"binary-expr","locations":[{"start":{"line":219,"column":4},"end":{"line":219,"column":8}},{"start":{"line":219,"column":12},"end":{"line":219,"column":19}}],"line":219},"36":{"loc":{"start":{"line":221,"column":3},"end":{"line":225,"column":4}},"type":"if","locations":[{"start":{"line":221,"column":3},"end":{"line":225,"column":4}},{"start":{"line":221,"column":3},"end":{"line":225,"column":4}}],"line":221},"37":{"loc":{"start":{"line":234,"column":1},"end":{"line":244,"column":2}},"type":"if","locations":[{"start":{"line":234,"column":1},"end":{"line":244,"column":2}},{"start":{"line":234,"column":1},"end":{"line":244,"column":2}}],"line":234},"38":{"loc":{"start":{"line":234,"column":4},"end":{"line":234,"column":19}},"type":"binary-expr","locations":[{"start":{"line":234,"column":4},"end":{"line":234,"column":8}},{"start":{"line":234,"column":12},"end":{"line":234,"column":19}}],"line":234},"39":{"loc":{"start":{"line":236,"column":3},"end":{"line":240,"column":4}},"type":"if","locations":[{"start":{"line":236,"column":3},"end":{"line":240,"column":4}},{"start":{"line":236,"column":3},"end":{"line":240,"column":4}}],"line":236},"40":{"loc":{"start":{"line":249,"column":1},"end":{"line":259,"column":2}},"type":"if","locations":[{"start":{"line":249,"column":1},"end":{"line":259,"column":2}},{"start":{"line":249,"column":1},"end":{"line":259,"column":2}}],"line":249},"41":{"loc":{"start":{"line":249,"column":4},"end":{"line":249,"column":19}},"type":"binary-expr","locations":[{"start":{"line":249,"column":4},"end":{"line":249,"column":8}},{"start":{"line":249,"column":12},"end":{"line":249,"column":19}}],"line":249},"42":{"loc":{"start":{"line":251,"column":3},"end":{"line":255,"column":4}},"type":"if","locations":[{"start":{"line":251,"column":3},"end":{"line":255,"column":4}},{"start":{"line":251,"column":3},"end":{"line":255,"column":4}}],"line":251},"43":{"loc":{"start":{"line":272,"column":4},"end":{"line":277,"column":5}},"type":"if","locations":[{"start":{"line":272,"column":4},"end":{"line":277,"column":5}},{"start":{"line":272,"column":4},"end":{"line":277,"column":5}}],"line":272},"44":{"loc":{"start":{"line":283,"column":4},"end":{"line":288,"column":5}},"type":"if","locations":[{"start":{"line":283,"column":4},"end":{"line":288,"column":5}},{"start":{"line":283,"column":4},"end":{"line":288,"column":5}}],"line":283},"45":{"loc":{"start":{"line":294,"column":4},"end":{"line":299,"column":5}},"type":"if","locations":[{"start":{"line":294,"column":4},"end":{"line":299,"column":5}},{"start":{"line":294,"column":4},"end":{"line":299,"column":5}}],"line":294},"46":{"loc":{"start":{"line":305,"column":4},"end":{"line":310,"column":3}},"type":"if","locations":[{"start":{"line":305,"column":4},"end":{"line":310,"column":3}},{"start":{"line":305,"column":4},"end":{"line":310,"column":3}}],"line":305},"47":{"loc":{"start":{"line":340,"column":3},"end":{"line":350,"column":4}},"type":"if","locations":[{"start":{"line":340,"column":3},"end":{"line":350,"column":4}},{"start":{"line":340,"column":3},"end":{"line":350,"column":4}}],"line":340},"48":{"loc":{"start":{"line":340,"column":6},"end":{"line":340,"column":55}},"type":"binary-expr","locations":[{"start":{"line":340,"column":6},"end":{"line":340,"column":24}},{"start":{"line":340,"column":28},"end":{"line":340,"column":55}}],"line":340},"49":{"loc":{"start":{"line":344,"column":5},"end":{"line":346,"column":6}},"type":"if","locations":[{"start":{"line":344,"column":5},"end":{"line":346,"column":6}},{"start":{"line":344,"column":5},"end":{"line":346,"column":6}}],"line":344},"50":{"loc":{"start":{"line":358,"column":1},"end":{"line":358,"column":59}},"type":"if","locations":[{"start":{"line":358,"column":1},"end":{"line":358,"column":59}},{"start":{"line":358,"column":1},"end":{"line":358,"column":59}}],"line":358},"51":{"loc":{"start":{"line":367,"column":2},"end":{"line":374,"column":3}},"type":"if","locations":[{"start":{"line":367,"column":2},"end":{"line":374,"column":3}},{"start":{"line":367,"column":2},"end":{"line":374,"column":3}}],"line":367},"52":{"loc":{"start":{"line":382,"column":2},"end":{"line":395,"column":3}},"type":"if","locations":[{"start":{"line":382,"column":2},"end":{"line":395,"column":3}},{"start":{"line":382,"column":2},"end":{"line":395,"column":3}}],"line":382},"53":{"loc":{"start":{"line":384,"column":4},"end":{"line":391,"column":5}},"type":"if","locations":[{"start":{"line":384,"column":4},"end":{"line":391,"column":5}},{"start":{"line":384,"column":4},"end":{"line":391,"column":5}}],"line":384},"54":{"loc":{"start":{"line":406,"column":2},"end":{"line":419,"column":3}},"type":"if","locations":[{"start":{"line":406,"column":2},"end":{"line":419,"column":3}},{"start":{"line":406,"column":2},"end":{"line":419,"column":3}}],"line":406},"55":{"loc":{"start":{"line":408,"column":4},"end":{"line":415,"column":5}},"type":"if","locations":[{"start":{"line":408,"column":4},"end":{"line":415,"column":5}},{"start":{"line":408,"column":4},"end":{"line":415,"column":5}}],"line":408},"56":{"loc":{"start":{"line":432,"column":3},"end":{"line":458,"column":4}},"type":"if","locations":[{"start":{"line":432,"column":3},"end":{"line":458,"column":4}},{"start":{"line":432,"column":3},"end":{"line":458,"column":4}}],"line":432},"57":{"loc":{"start":{"line":432,"column":6},"end":{"line":432,"column":38}},"type":"binary-expr","locations":[{"start":{"line":432,"column":6},"end":{"line":432,"column":21}},{"start":{"line":432,"column":25},"end":{"line":432,"column":38}}],"line":432},"58":{"loc":{"start":{"line":447,"column":5},"end":{"line":454,"column":6}},"type":"if","locations":[{"start":{"line":447,"column":5},"end":{"line":454,"column":6}},{"start":{"line":447,"column":5},"end":{"line":454,"column":6}}],"line":447},"59":{"loc":{"start":{"line":465,"column":2},"end":{"line":472,"column":3}},"type":"if","locations":[{"start":{"line":465,"column":2},"end":{"line":472,"column":3}},{"start":{"line":465,"column":2},"end":{"line":472,"column":3}}],"line":465},"60":{"loc":{"start":{"line":479,"column":2},"end":{"line":486,"column":3}},"type":"if","locations":[{"start":{"line":479,"column":2},"end":{"line":486,"column":3}},{"start":{"line":479,"column":2},"end":{"line":486,"column":3}}],"line":479},"61":{"loc":{"start":{"line":492,"column":2},"end":{"line":499,"column":3}},"type":"if","locations":[{"start":{"line":492,"column":2},"end":{"line":499,"column":3}},{"start":{"line":492,"column":2},"end":{"line":499,"column":3}}],"line":492},"62":{"loc":{"start":{"line":505,"column":2},"end":{"line":512,"column":3}},"type":"if","locations":[{"start":{"line":505,"column":2},"end":{"line":512,"column":3}},{"start":{"line":505,"column":2},"end":{"line":512,"column":3}}],"line":505},"63":{"loc":{"start":{"line":518,"column":2},"end":{"line":525,"column":3}},"t
[...]
line":851,"column":28},"end":{"line":851,"column":29}},"loc":{"start":{"line":851,"column":39},"end":{"line":853,"column":2}},"line":851},"91":{"name":"(anonymous_91)","decl":{"start":{"line":855,"column":31},"end":{"line":855,"column":32}},"loc":{"start":{"line":855,"column":42},"end":{"line":858,"column":2}},"line":855},"92":{"name":"(anonymous_92)","decl":{"start":{"line":860,"column":29},"end":{"line":860,"column":30}},"loc":{"start":{"line":860,"column":40},"end":{"line":863,"column":2}},"line":860}},"branchMap":{"0":{"loc":{"start":{"line":65,"column":1},"end":{"line":67,"column":2}},"type":"if","locations":[{"start":{"line":65,"column":1},"end":{"line":67,"column":2}},{"start":{"line":65,"column":1},"end":{"line":67,"column":2}}],"line":65},"1":{"loc":{"start":{"line":72,"column":2},"end":{"line":74,"column":3}},"type":"if","locations":[{"start":{"line":72,"column":2},"end":{"line":74,"column":3}},{"start":{"line":72,"column":2},"end":{"line":74,"column":3}}],"line":72},"2":{"loc":{"start":{"line":80,"column":1},"end":{"line":82,"column":2}},"type":"if","locations":[{"start":{"line":80,"column":1},"end":{"line":82,"column":2}},{"start":{"line":80,"column":1},"end":{"line":82,"column":2}}],"line":80},"3":{"loc":{"start":{"line":95,"column":1},"end":{"line":97,"column":2}},"type":"if","locations":[{"start":{"line":95,"column":1},"end":{"line":97,"column":2}},{"start":{"line":95,"column":1},"end":{"line":97,"column":2}}],"line":95},"4":{"loc":{"start":{"line":105,"column":2},"end":{"line":117,"column":3}},"type":"if","locations":[{"start":{"line":105,"column":2},"end":{"line":117,"column":3}},{"start":{"line":105,"column":2},"end":{"line":117,"column":3}}],"line":105},"5":{"loc":{"start":{"line":105,"column":5},"end":{"line":105,"column":46}},"type":"binary-expr","locations":[{"start":{"line":105,"column":5},"end":{"line":105,"column":22}},{"start":{"line":105,"column":26},"end":{"line":105,"column":46}}],"line":105},"6":{"loc":{"start":{"line":123,"column":1},"end":{"line":125,"column":2}},"type":"if","locations":[{"start":{"line":123,"column":1},"end":{"line":125,"column":2}},{"start":{"line":123,"column":1},"end":{"line":125,"column":2}}],"line":123},"7":{"loc":{"start":{"line":133,"column":2},"end":{"line":144,"column":3}},"type":"if","locations":[{"start":{"line":133,"column":2},"end":{"line":144,"column":3}},{"start":{"line":133,"column":2},"end":{"line":144,"column":3}}],"line":133},"8":{"loc":{"start":{"line":133,"column":5},"end":{"line":133,"column":177}},"type":"binary-expr","locations":[{"start":{"line":133,"column":5},"end":{"line":133,"column":25}},{"start":{"line":133,"column":29},"end":{"line":133,"column":49}},{"start":{"line":133,"column":53},"end":{"line":133,"column":74}},{"start":{"line":133,"column":78},"end":{"line":133,"column":98}},{"start":{"line":133,"column":102},"end":{"line":133,"column":122}},{"start":{"line":133,"column":126},"end":{"line":133,"column":177}}],"line":133},"9":{"loc":{"start":{"line":152,"column":2},"end":{"line":154,"column":3}},"type":"if","locations":[{"start":{"line":152,"column":2},"end":{"line":154,"column":3}},{"start":{"line":152,"column":2},"end":{"line":154,"column":3}}],"line":152},"10":{"loc":{"start":{"line":195,"column":2},"end":{"line":202,"column":3}},"type":"if","locations":[{"start":{"line":195,"column":2},"end":{"line":202,"column":3}},{"start":{"line":195,"column":2},"end":{"line":202,"column":3}}],"line":195},"11":{"loc":{"start":{"line":207,"column":2},"end":{"line":214,"column":3}},"type":"if","locations":[{"start":{"line":207,"column":2},"end":{"line":214,"column":3}},{"start":{"line":207,"column":2},"end":{"line":214,"column":3}}],"line":207},"12":{"loc":{"start":{"line":207,"column":5},"end":{"line":207,"column":57}},"type":"binary-expr","locations":[{"start":{"line":207,"column":5},"end":{"line":207,"column":29}},{"start":{"line":207,"column":33},"end":{"line":207,"column":57}}],"line":207},"13":{"loc":{"start":{"line":276,"column":2},"end":{"line":289,"column":3}},"type":"if","locations":[{"start":{"line":276,"column":2},"end":{"line":289,"column":3}},{"start":{"line":276,"column":2},"end":{"line":289,"column":3}}],"line":276},"14":{"loc":{"start":{"line":293,"column":2},"end":{"line":327,"column":3}},"type":"if","locations":[{"start":{"line":293,"column":2},"end":{"line":327,"column":3}},{"start":{"line":293,"column":2},"end":{"line":327,"column":3}}],"line":293},"15":{"loc":{"start":{"line":294,"column":3},"end":{"line":309,"column":4}},"type":"if","locations":[{"start":{"line":294,"column":3},"end":{"line":309,"column":4}},{"start":{"line":294,"column":3},"end":{"line":309,"column":4}}],"line":294},"16":{"loc":{"start":{"line":294,"column":6},"end":{"line":294,"column":49}},"type":"binary-expr","locations":[{"start":{"line":294,"column":6},"end":{"line":294,"column":23}},{"start":{"line":294,"column":27},"end":{"line":294,"column":49}}],"line":294},"17":{"loc":{"start":{"line":311,"column":3},"end":{"line":326,"column":4}},"type":"if","locations":[{"start":{"line":311,"column":3},"end":{"line":326,"column":4}},{"start":{"line":311,"column":3},"end":{"line":326,"column":4}}],"line":311},"18":{"loc":{"start":{"line":311,"column":6},"end":{"line":311,"column":49}},"type":"binary-expr","locations":[{"start":{"line":311,"column":6},"end":{"line":311,"column":23}},{"start":{"line":311,"column":27},"end":{"line":311,"column":49}}],"line":311},"19":{"loc":{"start":{"line":331,"column":2},"end":{"line":369,"column":3}},"type":"if","locations":[{"start":{"line":331,"column":2},"end":{"line":369,"column":3}},{"start":{"line":331,"column":2},"end":{"line":369,"column":3}}],"line":331},"20":{"loc":{"start":{"line":332,"column":3},"end":{"line":349,"column":4}},"type":"if","locations":[{"start":{"line":332,"column":3},"end":{"line":349,"column":4}},{"start":{"line":332,"column":3},"end":{"line":349,"column":4}}],"line":332},"21":{"loc":{"start":{"line":332,"column":6},"end":{"line":332,"column":150}},"type":"binary-expr","locations":[{"start":{"line":332,"column":6},"end":{"line":332,"column":23}},{"start":{"line":332,"column":27},"end":{"line":332,"column":49}},{"start":{"line":332,"column":53},"end":{"line":332,"column":85}},{"start":{"line":332,"column":89},"end":{"line":332,"column":121}},{"start":{"line":332,"column":125},"end":{"line":332,"column":150}}],"line":332},"22":{"loc":{"start":{"line":351,"column":3},"end":{"line":368,"column":4}},"type":"if","locations":[{"start":{"line":351,"column":3},"end":{"line":368,"column":4}},{"start":{"line":351,"column":3},"end":{"line":368,"column":4}}],"line":351},"23":{"loc":{"start":{"line":351,"column":6},"end":{"line":351,"column":150}},"type":"binary-expr","locations":[{"start":{"line":351,"column":6},"end":{"line":351,"column":23}},{"start":{"line":351,"column":27},"end":{"line":351,"column":49}},{"start":{"line":351,"column":53},"end":{"line":351,"column":85}},{"start":{"line":351,"column":89},"end":{"line":351,"column":121}},{"start":{"line":351,"column":125},"end":{"line":351,"column":150}}],"line":351},"24":{"loc":{"start":{"line":374,"column":2},"end":{"line":453,"column":3}},"type":"if","locations":[{"start":{"line":374,"column":2},"end":{"line":453,"column":3}},{"start":{"line":374,"column":2},"end":{"line":453,"column":3}}],"line":374},"25":{"loc":{"start":{"line":375,"column":3},"end":{"line":408,"column":4}},"type":"if","locations":[{"start":{"line":375,"column":3},"end":{"line":408,"column":4}},{"start":{"line":375,"column":3},"end":{"line":408,"column":4}}],"line":375},"26":{"loc":{"start":{"line":382,"column":6},"end":{"line":401,"column":7}},"type":"if","locations":[{"start":{"line":382,"column":6},"end":{"line":401,"column":7}},{"start":{"line":382,"column":6},"end":{"line":401,"column":7}}],"line":382},"27":{"loc":{"start":{"line":384,"column":7},"end":{"line":398,"column":8}},"type":"if","locations":[{"start":{"line":384,"column":7},"end":{"line":398,"column":8}},{"start":{"line":384,"column":7},"end":{"line":398,"column":8}}],"line":384},"28":{"loc":{"start":{"line":384,"column":10},"end":{"line":384,"column":155}},"type":"binary-expr","locations":[{"start":{"line":384,"column":10},"end":{"line":384,"column":24}},{"start":{"line":384,"column":28},"end":{"line":384,"column":55}},{"start":{"line":384,"column":59},"end":{"line":384,"column":84}},{"start":{"line":384,"column":88},"end":{"line":384,"column":116}},{"start":{"line":384,"column":120},"end":{"line":384,"column":155}}],"line":384},"29":{"loc":{"start":{"line":410,"column":3},"end":{"line":452,"column":4}},"type":"if","locations":[{"start":{"line":410,"column":3},"end":{"line":452,"column":4}},{"start":{"line":410,"column":3},"end":{"line":452,"column":4}}],"line":410},"30":{"loc":{"start":{"line":417,"column":6},"end":{"line":436,"column":7}},"type":"if","locations":[{"start":{"line":417,"column":6},"end":{"line":436,"column":7}},{"start":{"line":417,"column":6},"end":{"line":436,"column":7}}],"line":417},"31":{"loc":{"start":{"line":419,"column":7},"end":{"line":433,"column":8}},"type":"if","locations":[{"start":{"line":419,"column":7},"end":{"line":433,"column":8}},{"start":{"line":419,"column":7},"end":{"line":433,"column":8}}],"line":419},"32":{"loc":{"start":{"line":419,"column":10},"end":{"line":419,"column":155}},"type":"binary-expr","locations":[{"start":{"line":419,"column":10},"end":{"line":419,"column":24}},{"start":{"line":419,"column":28},"end":{"line":419,"column":55}},{"start":{"line":419,"column":59},"end":{"line":419,"column":84}},{"start":{"line":419,"column":88},"end":{"line":419,"column":116}},{"start":{"line":419,"column":120},"end":{"line":419,"column":155}}],"line":419},"33":{"loc":{"start":{"line":457,"column":2},"end":{"line":467,"column":3}},"type":"if","locations":[{"start":{"line":457,"column":2},"end":{"line":467,"column":3}},{"start":{"line":457,"column":2},"end":{"line":467,"column":3}}],"line":457},"34":{"loc":{"start":{"line":471,"column":2},"end":{"line":481,"column":3}},"type":"if","locations":[{"start":{"line":471,"column":2},"end":{"line":481,"column":3}},{"start":{"line":471,"column":2},"end":{"line":481,"column":3}}],"line":471},"35":{"loc":{"start":{"line":485,"column":2},"end":{"line":495,"column":3}},"type":"if","locations":[{"start":{"line":485,"column":2},"end":{"line":495,"column":3}},{"start":{"line":485,"column":2},"end":{"line":495,"column":3}}],"line":485},"36":{"loc":{"start":{"line":502,"column":2},"end":{"line":504,"column":3}},"type":"if","locations":[{"start":{"line":502,"column":2},"end":{"line":504,"column":3}},{"start":{"line":502,"column":2},"end":{"line":504,"column":3}}],"line":502},"37":{"loc":{"start":{"line":554,"column":2},"end":{"line":554,"column":52}},"type":"if","locations":[{"start":{"line":554,"column":2},"end":{"line":554,"column":52}},{"start":{"line":554,"column":2},"end":{"line":554,"column":52}}],"line":554},"38":{"loc":{"start":{"line":555,"column":2},"end":{"line":555,"column":55}},"type":"if","locations":[{"start":{"line":555,"column":2},"end":{"line":555,"column":55}},{"start":{"line":555,"column":2},"end":{"line":555,"column":55}}],"line":555},"39":{"loc":{"start":{"line":591,"column":2},"end":{"line":594,"column":3}},"type":"if","locations":[{"start":{"line":591,"column":2},"end":{"line":594,"column":3}},{"start":{"line":591,"column":2},"end":{"line":594,"column":3}}],"line":591},"40":{"loc":{"start":{"line":605,"column":14},"end":{"line":605,"column":88}},"type":"binary-expr","locations":[{"start":{"line":605,"column":15},"end":{"line":605,"column":31}},{"start":{"line":605,"column":37},"end":{"line":605,"column":63}},{"start":{"line":605,"column":69},"end":{"line":605,"column":87}}],"line":605},"41":{"loc":{"start":{"line":612,"column":2},"end":{"line":614,"column":3}},"type":"if","locations":[{"start":{"line":612,"column":2},"end":{"line":614,"column":3}},{"start":{"line":612,"column":2},"end":{"line":614,"column":3}}],"line":612},"42":{"loc":{"start":{"line":655,"column":3},"end":{"line":698,"column":4}},"type":"if","locations":[{"start":{"line":655,"column":3},"end":{"line":698,"column":4}},{"start":{"line":655,"column":3},"end":{"line":698,"column":4}}],"line":655},"43":{"loc":{"start":{"line":655,"column":6},"end":{"line":655,"column":110}},"type":"binary-expr","locations":[{"start":{"line":655,"column":6},"end":{"line":655,"column":36}},{"start":{"line":655,"column":40},"end":{"line":655,"column":73}},{"start":{"line":655,"column":77},"end":{"line":655,"column":110}}],"line":655},"44":{"loc":{"start":{"line":657,"column":4},"end":{"line":697,"column":5}},"type":"if","locations":[{"start":{"line":657,"column":4},"end":{"line":697,"column":5}},{"start":{"line":657,"column":4},"end":{"line":697,"column":5}}],"line":657},"45":{"loc":{"start":{"line":718,"column":3},"end":{"line":755,"column":4}},"type":"if","locations":[{"start":{"line":718,"column":3},"end":{"line":755,"column":4}},{"start":{"line":718,"column":3},"end":{"line":755,"column":4}}],"line":718},"46":{"loc":{"start":{"line":720,"column":4},"end":{"line":754,"column":5}},"type":"if","locations":[{"start":{"line":720,"column":4},"end":{"line":754,"column":5}},{"start":{"line":720,"column":4},"end":{"line":754,"column":5}}],"line":720},"47":{"loc":{"start":{"line":762,"column":2},"end":{"line":766,"column":3}},"type":"if","locations":[{"start":{"line":762,"column":2},"end":{"line":766,"column":3}},{"start":{"line":762,"column":2},"end":{"line":766,"column":3}}],"line":762},"48":{"loc":{"start":{"line":764,"column":9},"end":{"line":766,"column":3}},"type":"if","locations":[{"start":{"line":764,"column":9},"end":{"line":766,"column":3}},{"start":{"line":764,"column":9},"end":{"line":766,"column":3}}],"line":764},"49":{"loc":{"start":{"line":807,"column":2},"end":{"line":809,"column":3}},"type":"if","locations":[{"start":{"line":807,"column":2},"end":{"line":809,"column":3}},{"start":{"line":807,"column":2},"end":{"line":809,"column":3}}],"line":807},"50":{"loc":{"start":{"line":810,"column":2},"end":{"line":812,"column":3}},"type":"if","locations":[{"start":{"line":810,"column":2},"end":{"line":812,"column":3}},{"start":{"line":810,"column":2},"end":{"line":812,"column":3}}],"line":810},"51":{"loc":{"start":{"line":810,"column":5},"end":{"line":810,"column":44}},"type":"binary-expr","locations":[{"start":{"line":810,"column":5},"end":{"line":810,"column":22}},{"start":{"line":810,"column":26},"end":{"line":810,"column":44}}],"line":810},"52":{"loc":{"start":{"line":840,"column":2},"end":{"line":842,"column":3}},"type":"if","locations":[{"start":{"line":840,"column":2},"end":{"line":842,"column":3}},{"start":{"line":840,"column":2},"end":{"line":842,"column":3}}],"line":840},"53":{"loc":{"start":{"line":840,"column":5},"end":{"line":840,"column":44}},"type":"binary-expr","locations":[{"start":{"line":840,"column":5},"end":{"line":840,"column":23}},{"start":{"line":840,"column":27},"end":{"line":840,"column":44}}],"line":840}},"s":{"0":0,"1":0,"2":0,"3":0,"4":0,"5":0,"6":0,"7":0,"8":0,"9":0,"10":0,"11":0,"12":0,"13":0,"14":0,"15":0,"16":0,"17":0,"18":0,"19":0,"20":0,"21":0,"22":0,"23":0,"24":0,"25":0,"26":0,"27":0,"28":0,"29":0,"30":0,"31":0,"32":0,"33":0,"34":0,"35":0,"36":0,"37":0,"38":0,"39":0,"40":0,"41":0,"42":0,"43":0,"44":0,"45":0,"46":0,"47":0,"48":0,"49":0,"50":0,"51":0,"52":0,"53":0,"54":0,"55":0,"56":0,"57":0,"58":0,"59":0,"60":0,"61":0,"62":0,"63":0,"64":0,"65":0,"66":0,"67":0,"68":0,"69":0,"70":0,"71":0,"72":0,"73":0,"74":0,"75":0,"76":0,"77":0,"78":0,"79":0,"80":0,"81":0,"82":0,"83":0,"84":0,"85":0,"86":0,"87":0,"88":0,"89":0,"90":0,"91":0,"92":0,"93":0,"94":0,"95":0,"96":0,"97":0,"98":0,"99":0,"100":0,"101":0,"102":0,"103":0,"104":0,"105":0,"106":0,"107":0,"108":0,"109":0,"110":0,"111":0,"112":0,"113":0,"114":0,"115":0,"116":0,"117":0,"118":0,"119":0,"120":0,"121":0,"122":0,"123":0,"124":0,"125":0,"126":0,"127":0,"128":0,"129":0,"130":0,"131":0,"132":0,"133":0,"134":0,"135":0,"136":0,"137":0,"138":0,"139":0,"140":0,"141":0,"142":0,"143":0,"144":0,"145":0,"146":0,"147":0,"148":0,"149":0,"150":0,"151":0,"152":0,"153":0,"154":0,"155":0,"156":0,"157":0,"158":0,"159":0,"160":0,"161":0,"162":0,"163":0,"164":0,"165":0,"166":0,"167":0,"168":0,"169":0,"170":0,"171":0,"172":0,"173":0,"174":0,"175":0,"176":0,"177":0,"178":0,"179":0,"180":0,"181":0,"182":0,"183":0,"184":0,"185":0,"186":0,"187":0,"188":0,"189":0,"190":0,"191":0,"192":0,"193":0,"194":0,"195":0,"196":0,"197":0,"198":0,"199":0,"200":0,"201":0,"202":0,"203":0,"204":0,"205":0,"206":0,"207":0,"208":0,"209":0,"210":0,"211":0,"212":0,"213":0,"214":0,"215":0,"216":0,"217":0,"218":0,"219":0,"220":0,"221":0,"222":0,"223":0,"224":0,"225":0,"226":0,"227":0,"228":0,"229":0,"230":0,"231":0,"232":0,"233":0,"234":0,"235":0,"236":0,"237":0,"238":0,"239":0,"240":0,"241":0,"242":0,"243":0,"244":0,"245":0,"246":0,"247":0,"248":0,"249":0,"250":0,"251":0,"252":0,"253":0,"254":0,"255":0,"256":0,"257":0,"258":0,"259":0,"260":0,"261":0,"262":0,"263":0,"264":0,"265":0,"266":0,"267":0,"268":0,"269":0,"270":0,"271":0,"272":0,"273":0,"274":0,"275":0,"276":0,"277":0,"278":0,"279":0,"280":0,"281":0,"282":0,"283":0,"284":0,"285":0,"286":0,"287":0,"288":0,"289":0,"290":0,"291":0,"292":0,"293":0,"294":0,"295":0,"296":0,"297":0,"298":0,"299":0,"300":0,"301":0,"302":0,"303":0,"304":0,"305":0,"306":0,"307":0,"308":0,"309":0,"310":0,"311":0,"312":0,"313":0,"314":0,"315":0,"316":0,"317":0,"318":0,"319":0,"320":0,"321":0,"322":0,"323":0,"324":0,"325":0,"326":0,"327":0,"328":0,"329":0,"330":0,"331":0,"332":0,"333":0,"334":0,"335":0,"336":0,"337":0,"338":0,"339":0,"340":0,"341":0,"342":0,"343":0,"344":0,"345":0,"346":0,"347":0,"348":0,"349":0,"350":0,"351":0,"352":0,"353":0,"354":0,"355":0,"356":0,"357":0,"358":0,"359":0,"360":0,"361":0,"362":0,"363":0,"364":0,"365":0,"366":0,"367":0,"368":0,"369":0,"370":0,"371":0,"372":0,"373":0,"374":0,"375":0,"376":0,"377":0,"378":0,"379":0,"380":0,"381":0,"382":0,"383":0,"384":0,"385":0,"386":0,"387":0,"388":0,"389":0,"390":0,"391":0,"392":0,"393":0,"394":0,"395":0,"396":0,"397":0,"398":0,"399":0,"400":0,"401":0,"402":0,"403":0,"404":0,"405":0,"406":0,"407":0,"408":0,"409":0},"f":{"0":0,"1":0,"2":0,"3":0,"4":0,"5":0,"6":0,"7":0,"8":0,"9":0,"10":0,"11":0,"12":0,"13":0,"14":0,"15":0,"16":0,"17":0,"18":0,"19":0,"20":0,"21":0,"22":0,"23":0,"24":0,"25":0,"26":0,"27":0,"28":0,"29":0,"30":0,"31":0,"32":0,"33":0,"34":0,"35":0,"36":0,"37":0,"38":0,"39":0,"40":0,"41":0,"42":0,"43":0,"44":0,"45":0,"46":0,"47":0,"48":0,"49":0,"50":0,"51":0,"52":0,"53":0,"54":0,"55":0,"56":0,"57":0,"58":0,"59":0,"60":0,"61":0,"62":0,"63":0,"64":0,"65":0,"66":0,"67":0,"68":0,"69":0,"70":0,"71":0,"72":0,"73":0,"74":0,"75":0,"76":0,"77":0,"78":0,"79":0,"80":0,"81":0,"82":0,"83":0,"84":0,"85":0,"86":0,"87":0,"88":0,"89":0,"90":0,"91":0,"92":0},"b":{"0":[0,0],"1":[0,0],"2":[0,0],"3":[0,0],"4":[0,0],"5":[0,0],"6":[0,0],"7":[0,0],"8":[0,0,0,0,0,0],"9":[0,0],"10":[0,0],"11":[0,0],"12":[0,0],"13":[0,0],"14":[0,0],"15":[0,0],"16":[0,0],"17":[0,0],"18":[0,0],"19":[0,0],"20":[0,0],"21":[0,0,0,0,0],"22":[0,0],"23":[0,0,0,0,0],"24":[0,0],"25":[0,0],"26":[0,0],"27":[0,0],"28":[0,0,0,0,0],"29":[0,0],"30":[0,0],"31":[0,0],"32":[0,0,0,0,0],"33":[0,0],"34":[0,0],"35":[0,0],"36":[0,0],"37":[0,0],"38":[0,0],"39":[0,0],"40":[0,0,0],"41":[0,0],"42":[0,0],"43":[0,0,0],"44":[0,0],"45":[0,0],"46":[0,0],"47":[0,0],"48":[0,0],"49":[0,0],"50":[0,0],"51":[0,0],"52":[0,0],"53":[0,0]}},"/Users/green22jet/Documents/NCSU/2017-2018_Semester_2/CSC_492/seniorDesign/2018SpringTeam14/wallaby.js":{"path":"/Users/green22jet/Documents/NCSU/2017-2018_Semester_2/CSC_492/seniorDesign/2018SpringTeam14/wallaby.js","statementMap":{"0":{"start":{"line":1,"column":0},"end":{"line":20,"column":2}},"1":{"start":{"line":2,"column":2},"end":{"line":19,"column":4}}},"fnMap":{"0":{"name":"(anonymous_0)","decl":{"start":{"line":1,"column":17},"end":{"line":1,"column":18}},"loc":{"start":{"line":1,"column":36},"end":{"line":20,"column":1}},"line":1}},"branchMap":{},"s":{"0":0,"1":0},"f":{"0":0},"b":{}}}